<?xml version="1.0" encoding="UTF-8"?>
<coverage generated="1653143534565" clover="3.2.0">
  <project timestamp="1653143534566" name="All files">
    <metrics statements="335" coveredstatements="160" conditionals="122" coveredconditionals="53" methods="49" coveredmethods="27" elements="506" coveredelements="240" complexity="0" loc="335" ncloc="335" packages="1" files="1" classes="1"/>
    <file name="Nodes.js" path="C:\Users\Acer\Documents\GitHub\moodle_plugin\Nodes.js">
      <metrics statements="335" coveredstatements="160" conditionals="122" coveredconditionals="53" methods="49" coveredmethods="27"/>
      <line num="4" count="97" type="stmt"/>
      <line num="5" count="97" type="stmt"/>
      <line num="6" count="97" type="stmt"/>
      <line num="7" count="97" type="stmt"/>
      <line num="8" count="97" type="stmt"/>
      <line num="9" count="97" type="stmt"/>
      <line num="10" count="97" type="stmt"/>
      <line num="11" count="97" type="stmt"/>
      <line num="17" count="244" type="stmt"/>
      <line num="22" count="244" type="stmt"/>
      <line num="28" count="0" type="stmt"/>
      <line num="33" count="0" type="stmt"/>
      <line num="38" count="1" type="stmt"/>
      <line num="42" count="0" type="stmt"/>
      <line num="46" count="226" type="stmt"/>
      <line num="50" count="0" type="stmt"/>
      <line num="54" count="0" type="stmt"/>
      <line num="62" count="29" type="stmt"/>
      <line num="66" count="29" type="stmt"/>
      <line num="69" count="18" type="stmt"/>
      <line num="72" count="18" type="stmt"/>
      <line num="75" count="73" type="stmt"/>
      <line num="78" count="70" type="stmt"/>
      <line num="90" count="7" type="stmt"/>
      <line num="91" count="7" type="stmt"/>
      <line num="95" count="74" type="stmt"/>
      <line num="100" count="38" type="stmt"/>
      <line num="104" count="0" type="stmt"/>
      <line num="109" count="1" type="stmt"/>
      <line num="118" count="3" type="stmt"/>
      <line num="119" count="3" type="stmt"/>
      <line num="120" count="3" type="stmt"/>
      <line num="121" count="3" type="stmt"/>
      <line num="122" count="3" type="stmt"/>
      <line num="123" count="3" type="stmt"/>
      <line num="130" count="1" type="stmt"/>
      <line num="131" count="1" type="stmt"/>
      <line num="133" count="1" type="stmt"/>
      <line num="134" count="1" type="stmt"/>
      <line num="135" count="1" type="stmt"/>
      <line num="136" count="1" type="stmt"/>
      <line num="137" count="1" type="stmt"/>
      <line num="138" count="1" type="stmt"/>
      <line num="139" count="1" type="stmt"/>
      <line num="141" count="1" type="stmt"/>
      <line num="146" count="1" type="stmt"/>
      <line num="150" count="0" type="stmt"/>
      <line num="155" count="0" type="cond" truecount="0" falsecount="2"/>
      <line num="156" count="0" type="stmt"/>
      <line num="158" count="0" type="cond" truecount="0" falsecount="2"/>
      <line num="159" count="0" type="stmt"/>
      <line num="163" count="0" type="stmt"/>
      <line num="164" count="0" type="stmt"/>
      <line num="165" count="0" type="stmt"/>
      <line num="167" count="0" type="cond" truecount="0" falsecount="4"/>
      <line num="168" count="0" type="stmt"/>
      <line num="171" count="0" type="stmt"/>
      <line num="172" count="0" type="stmt"/>
      <line num="173" count="0" type="stmt"/>
      <line num="174" count="0" type="stmt"/>
      <line num="175" count="0" type="stmt"/>
      <line num="177" count="0" type="stmt"/>
      <line num="179" count="0" type="cond" truecount="0" falsecount="4"/>
      <line num="180" count="0" type="stmt"/>
      <line num="183" count="0" type="stmt"/>
      <line num="185" count="0" type="cond" truecount="0" falsecount="2"/>
      <line num="186" count="0" type="stmt"/>
      <line num="187" count="0" type="stmt"/>
      <line num="188" count="0" type="stmt"/>
      <line num="189" count="0" type="stmt"/>
      <line num="195" count="0" type="cond" truecount="0" falsecount="2"/>
      <line num="196" count="0" type="stmt"/>
      <line num="199" count="0" type="stmt"/>
      <line num="200" count="0" type="stmt"/>
      <line num="201" count="0" type="stmt"/>
      <line num="202" count="0" type="cond" truecount="0" falsecount="2"/>
      <line num="203" count="0" type="stmt"/>
      <line num="205" count="0" type="stmt"/>
      <line num="206" count="0" type="stmt"/>
      <line num="207" count="0" type="stmt"/>
      <line num="208" count="0" type="stmt"/>
      <line num="209" count="0" type="stmt"/>
      <line num="210" count="0" type="stmt"/>
      <line num="211" count="0" type="stmt"/>
      <line num="212" count="0" type="stmt"/>
      <line num="213" count="0" type="stmt"/>
      <line num="216" count="0" type="stmt"/>
      <line num="217" count="0" type="stmt"/>
      <line num="221" count="0" type="stmt"/>
      <line num="222" count="0" type="stmt"/>
      <line num="229" count="0" type="cond" truecount="0" falsecount="2"/>
      <line num="232" count="0" type="stmt"/>
      <line num="235" count="0" type="stmt"/>
      <line num="236" count="0" type="stmt"/>
      <line num="237" count="0" type="stmt"/>
      <line num="238" count="0" type="stmt"/>
      <line num="240" count="0" type="stmt"/>
      <line num="241" count="0" type="stmt"/>
      <line num="244" count="0" type="stmt"/>
      <line num="249" count="0" type="stmt"/>
      <line num="250" count="0" type="stmt"/>
      <line num="251" count="0" type="stmt"/>
      <line num="252" count="0" type="stmt"/>
      <line num="253" count="0" type="stmt"/>
      <line num="255" count="0" type="stmt"/>
      <line num="256" count="0" type="stmt"/>
      <line num="257" count="0" type="stmt"/>
      <line num="258" count="0" type="stmt"/>
      <line num="260" count="0" type="stmt"/>
      <line num="261" count="0" type="stmt"/>
      <line num="262" count="0" type="stmt"/>
      <line num="263" count="0" type="stmt"/>
      <line num="268" count="0" type="stmt"/>
      <line num="269" count="0" type="stmt"/>
      <line num="270" count="0" type="stmt"/>
      <line num="271" count="0" type="stmt"/>
      <line num="272" count="0" type="stmt"/>
      <line num="273" count="0" type="stmt"/>
      <line num="276" count="0" type="stmt"/>
      <line num="277" count="0" type="stmt"/>
      <line num="278" count="0" type="stmt"/>
      <line num="279" count="0" type="stmt"/>
      <line num="280" count="0" type="stmt"/>
      <line num="286" count="0" type="stmt"/>
      <line num="288" count="0" type="stmt"/>
      <line num="289" count="0" type="cond" truecount="0" falsecount="2"/>
      <line num="290" count="0" type="stmt"/>
      <line num="291" count="0" type="stmt"/>
      <line num="292" count="0" type="stmt"/>
      <line num="301" count="7" type="stmt"/>
      <line num="303" count="7" type="stmt"/>
      <line num="307" count="7" type="stmt"/>
      <line num="308" count="7" type="stmt"/>
      <line num="309" count="7" type="stmt"/>
      <line num="310" count="7" type="stmt"/>
      <line num="311" count="21" type="cond" truecount="3" falsecount="1"/>
      <line num="313" count="0" type="stmt"/>
      <line num="314" count="0" type="stmt"/>
      <line num="316" count="21" type="cond" truecount="3" falsecount="1"/>
      <line num="317" count="0" type="stmt"/>
      <line num="318" count="0" type="stmt"/>
      <line num="322" count="7" type="cond" truecount="4" falsecount="0"/>
      <line num="323" count="6" type="stmt"/>
      <line num="326" count="7" type="cond" truecount="4" falsecount="0"/>
      <line num="327" count="6" type="stmt"/>
      <line num="328" count="48" type="cond" truecount="2" falsecount="0"/>
      <line num="329" count="6" type="stmt"/>
      <line num="331" count="48" type="cond" truecount="2" falsecount="0"/>
      <line num="332" count="6" type="stmt"/>
      <line num="339" count="6" type="cond" truecount="1" falsecount="1"/>
      <line num="340" count="6" type="stmt"/>
      <line num="342" count="0" type="stmt"/>
      <line num="345" count="6" type="cond" truecount="1" falsecount="1"/>
      <line num="346" count="6" type="cond" truecount="2" falsecount="0"/>
      <line num="347" count="3" type="stmt"/>
      <line num="348" count="3" type="stmt"/>
      <line num="350" count="3" type="stmt"/>
      <line num="356" count="0" type="cond" truecount="0" falsecount="2"/>
      <line num="357" count="0" type="stmt"/>
      <line num="361" count="0" type="stmt"/>
      <line num="369" count="6" type="stmt"/>
      <line num="370" count="6" type="stmt"/>
      <line num="371" count="6" type="stmt"/>
      <line num="373" count="1" type="stmt"/>
      <line num="380" count="119" type="cond" truecount="2" falsecount="0"/>
      <line num="381" count="72" type="stmt"/>
      <line num="383" count="47" type="stmt"/>
      <line num="384" count="47" type="stmt"/>
      <line num="385" count="47" type="stmt"/>
      <line num="387" count="47" type="stmt"/>
      <line num="391" count="26" type="stmt"/>
      <line num="393" count="26" type="stmt"/>
      <line num="395" count="54" type="stmt"/>
      <line num="398" count="26" type="stmt"/>
      <line num="400" count="26" type="stmt"/>
      <line num="404" count="0" type="stmt"/>
      <line num="405" count="0" type="stmt"/>
      <line num="406" count="0" type="stmt"/>
      <line num="409" count="0" type="stmt"/>
      <line num="410" count="0" type="cond" truecount="0" falsecount="2"/>
      <line num="411" count="0" type="stmt"/>
      <line num="412" count="0" type="cond" truecount="0" falsecount="2"/>
      <line num="413" count="0" type="stmt"/>
      <line num="416" count="0" type="stmt"/>
      <line num="417" count="0" type="stmt"/>
      <line num="418" count="0" type="stmt"/>
      <line num="419" count="0" type="stmt"/>
      <line num="426" count="9" type="stmt"/>
      <line num="427" count="9" type="stmt"/>
      <line num="429" count="9" type="stmt"/>
      <line num="430" count="9" type="stmt"/>
      <line num="431" count="9" type="stmt"/>
      <line num="432" count="9" type="stmt"/>
      <line num="440" count="2" type="stmt"/>
      <line num="441" count="6" type="stmt"/>
      <line num="443" count="2" type="stmt"/>
      <line num="450" count="2" type="cond" truecount="2" falsecount="2"/>
      <line num="451" count="0" type="stmt"/>
      <line num="452" count="0" type="stmt"/>
      <line num="453" count="2" type="cond" truecount="1" falsecount="1"/>
      <line num="454" count="0" type="stmt"/>
      <line num="455" count="2" type="cond" truecount="1" falsecount="1"/>
      <line num="456" count="0" type="stmt"/>
      <line num="458" count="2" type="stmt"/>
      <line num="460" count="2" type="stmt"/>
      <line num="461" count="2" type="stmt"/>
      <line num="462" count="2" type="stmt"/>
      <line num="463" count="15" type="cond" truecount="1" falsecount="1"/>
      <line num="464" count="15" type="stmt"/>
      <line num="467" count="15" type="cond" truecount="1" falsecount="1"/>
      <line num="468" count="15" type="stmt"/>
      <line num="474" count="2" type="stmt"/>
      <line num="475" count="0" type="cond" truecount="0" falsecount="4"/>
      <line num="477" count="0" type="stmt"/>
      <line num="478" count="0" type="stmt"/>
      <line num="482" count="2" type="stmt"/>
      <line num="484" count="2" type="stmt"/>
      <line num="485" count="2" type="stmt"/>
      <line num="486" count="2" type="stmt"/>
      <line num="488" count="2" type="stmt"/>
      <line num="489" count="13" type="stmt"/>
      <line num="490" count="13" type="stmt"/>
      <line num="493" count="2" type="stmt"/>
      <line num="495" count="2" type="stmt"/>
      <line num="496" count="2" type="stmt"/>
      <line num="501" count="0" type="stmt"/>
      <line num="503" count="0" type="cond" truecount="0" falsecount="2"/>
      <line num="504" count="0" type="cond" truecount="0" falsecount="2"/>
      <line num="505" count="0" type="stmt"/>
      <line num="507" count="0" type="stmt"/>
      <line num="510" count="0" type="stmt"/>
      <line num="520" count="29" type="stmt"/>
      <line num="521" count="29" type="cond" truecount="1" falsecount="1"/>
      <line num="524" count="29" type="stmt"/>
      <line num="525" count="29" type="stmt"/>
      <line num="526" count="29" type="stmt"/>
      <line num="527" count="29" type="stmt"/>
      <line num="528" count="232" type="stmt"/>
      <line num="529" count="232" type="stmt"/>
      <line num="530" count="232" type="stmt"/>
      <line num="533" count="232" type="cond" truecount="2" falsecount="0"/>
      <line num="534" count="29" type="stmt"/>
      <line num="536" count="29" type="cond" truecount="2" falsecount="0"/>
      <line num="537" count="25" type="stmt"/>
      <line num="538" count="25" type="stmt"/>
      <line num="539" count="25" type="stmt"/>
      <line num="542" count="29" type="cond" truecount="2" falsecount="0"/>
      <line num="545" count="15" type="stmt"/>
      <line num="546" count="15" type="stmt"/>
      <line num="548" count="15" type="cond" truecount="2" falsecount="0"/>
      <line num="549" count="9" type="stmt"/>
      <line num="550" count="9" type="stmt"/>
      <line num="552" count="6" type="cond" truecount="1" falsecount="1"/>
      <line num="553" count="6" type="stmt"/>
      <line num="554" count="6" type="stmt"/>
      <line num="555" count="0" type="cond" truecount="0" falsecount="4"/>
      <line num="558" count="0" type="stmt"/>
      <line num="559" count="0" type="cond" truecount="0" falsecount="2"/>
      <line num="560" count="0" type="stmt"/>
      <line num="565" count="0" type="stmt"/>
      <line num="566" count="0" type="stmt"/>
      <line num="567" count="0" type="stmt"/>
      <line num="569" count="15" type="stmt"/>
      <line num="570" count="15" type="stmt"/>
      <line num="574" count="14" type="stmt"/>
      <line num="575" count="14" type="stmt"/>
      <line num="576" count="14" type="cond" truecount="2" falsecount="0"/>
      <line num="577" count="8" type="stmt"/>
      <line num="578" count="8" type="stmt"/>
      <line num="579" count="6" type="cond" truecount="1" falsecount="1"/>
      <line num="580" count="6" type="stmt"/>
      <line num="581" count="6" type="stmt"/>
      <line num="583" count="14" type="stmt"/>
      <line num="584" count="14" type="stmt"/>
      <line num="590" count="29" type="stmt"/>
      <line num="593" count="0" type="stmt"/>
      <line num="594" count="0" type="stmt"/>
      <line num="601" count="1" type="stmt"/>
      <line num="602" count="6" type="cond" truecount="1" falsecount="1"/>
      <line num="603" count="0" type="stmt"/>
      <line num="605" count="6" type="cond" truecount="2" falsecount="0"/>
      <line num="606" count="1" type="stmt"/>
      <line num="610" count="1" type="cond" truecount="1" falsecount="1"/>
      <line num="611" count="1" type="stmt"/>
      <line num="613" count="0" type="stmt"/>
      <line num="616" count="1" type="stmt"/>
      <line num="618" count="1" type="stmt"/>
      <line num="619" count="8" type="cond" truecount="4" falsecount="0"/>
      <line num="620" count="3" type="cond" truecount="1" falsecount="1"/>
      <line num="621" count="0" type="stmt"/>
      <line num="624" count="3" type="cond" truecount="1" falsecount="1"/>
      <line num="625" count="0" type="stmt"/>
      <line num="631" count="1" type="stmt"/>
      <line num="635" count="1" type="stmt"/>
      <line num="637" count="0" type="stmt"/>
      <line num="638" count="0" type="stmt"/>
      <line num="641" count="0" type="stmt"/>
      <line num="642" count="0" type="cond" truecount="0" falsecount="2"/>
      <line num="644" count="0" type="stmt"/>
      <line num="645" count="0" type="stmt"/>
      <line num="646" count="0" type="stmt"/>
      <line num="647" count="0" type="stmt"/>
      <line num="648" count="0" type="stmt"/>
      <line num="650" count="0" type="stmt"/>
      <line num="651" count="0" type="stmt"/>
      <line num="652" count="0" type="stmt"/>
      <line num="653" count="0" type="stmt"/>
      <line num="654" count="0" type="stmt"/>
      <line num="659" count="0" type="cond" truecount="0" falsecount="2"/>
      <line num="660" count="0" type="stmt"/>
      <line num="661" count="0" type="stmt"/>
      <line num="662" count="0" type="stmt"/>
      <line num="663" count="0" type="stmt"/>
      <line num="666" count="0" type="cond" truecount="0" falsecount="4"/>
      <line num="668" count="0" type="stmt"/>
      <line num="669" count="0" type="stmt"/>
      <line num="670" count="0" type="stmt"/>
      <line num="671" count="0" type="stmt"/>
      <line num="672" count="0" type="stmt"/>
      <line num="673" count="0" type="stmt"/>
      <line num="676" count="0" type="cond" truecount="0" falsecount="2"/>
      <line num="684" count="0" type="stmt"/>
      <line num="685" count="0" type="stmt"/>
      <line num="686" count="0" type="stmt"/>
      <line num="687" count="0" type="stmt"/>
      <line num="688" count="0" type="stmt"/>
      <line num="690" count="0" type="stmt"/>
      <line num="693" count="0" type="stmt"/>
      <line num="695" count="0" type="stmt"/>
      <line num="696" count="0" type="stmt"/>
      <line num="697" count="0" type="stmt"/>
      <line num="698" count="0" type="stmt"/>
      <line num="699" count="0" type="stmt"/>
      <line num="700" count="0" type="stmt"/>
    </file>
  </project>
</coverage>
