<?xml version="1.0" encoding="UTF-8"?>
<coverage generated="1653089957477" clover="3.2.0">
  <project timestamp="1653089957478" name="All files">
    <metrics statements="410" coveredstatements="169" conditionals="136" coveredconditionals="53" methods="59" coveredmethods="28" elements="605" coveredelements="250" complexity="0" loc="410" ncloc="410" packages="1" files="1" classes="1"/>
    <file name="Nodes.js" path="C:\Users\Acer\Documents\GitHub\moodle_plugin\Nodes.js">
      <metrics statements="410" coveredstatements="169" conditionals="136" coveredconditionals="53" methods="59" coveredmethods="28"/>
      <line num="4" count="97" type="stmt"/>
      <line num="5" count="97" type="stmt"/>
      <line num="6" count="97" type="stmt"/>
      <line num="7" count="97" type="stmt"/>
      <line num="8" count="97" type="stmt"/>
      <line num="9" count="97" type="stmt"/>
      <line num="10" count="97" type="stmt"/>
      <line num="11" count="97" type="stmt"/>
      <line num="17" count="244" type="stmt"/>
      <line num="22" count="244" type="stmt"/>
      <line num="28" count="0" type="stmt"/>
      <line num="33" count="0" type="stmt"/>
      <line num="38" count="1" type="stmt"/>
      <line num="42" count="0" type="stmt"/>
      <line num="46" count="234" type="stmt"/>
      <line num="50" count="0" type="stmt"/>
      <line num="54" count="8" type="stmt"/>
      <line num="58" count="6" type="stmt"/>
      <line num="62" count="29" type="stmt"/>
      <line num="66" count="29" type="stmt"/>
      <line num="69" count="18" type="stmt"/>
      <line num="72" count="18" type="stmt"/>
      <line num="75" count="73" type="stmt"/>
      <line num="78" count="70" type="stmt"/>
      <line num="90" count="7" type="stmt"/>
      <line num="91" count="7" type="stmt"/>
      <line num="95" count="74" type="stmt"/>
      <line num="100" count="38" type="stmt"/>
      <line num="104" count="0" type="stmt"/>
      <line num="109" count="1" type="stmt"/>
      <line num="118" count="3" type="stmt"/>
      <line num="119" count="3" type="stmt"/>
      <line num="120" count="3" type="stmt"/>
      <line num="121" count="3" type="stmt"/>
      <line num="122" count="3" type="stmt"/>
      <line num="123" count="3" type="stmt"/>
      <line num="131" count="1" type="stmt"/>
      <line num="132" count="1" type="stmt"/>
      <line num="134" count="1" type="stmt"/>
      <line num="135" count="1" type="stmt"/>
      <line num="136" count="1" type="stmt"/>
      <line num="137" count="1" type="stmt"/>
      <line num="138" count="1" type="stmt"/>
      <line num="139" count="1" type="stmt"/>
      <line num="140" count="1" type="stmt"/>
      <line num="142" count="1" type="stmt"/>
      <line num="143" count="1" type="stmt"/>
      <line num="149" count="1" type="stmt"/>
      <line num="151" count="1" type="stmt"/>
      <line num="152" count="1" type="stmt"/>
      <line num="158" count="1" type="stmt"/>
      <line num="166" count="0" type="stmt"/>
      <line num="177" count="0" type="cond" truecount="0" falsecount="2"/>
      <line num="178" count="0" type="stmt"/>
      <line num="180" count="0" type="cond" truecount="0" falsecount="2"/>
      <line num="181" count="0" type="stmt"/>
      <line num="185" count="0" type="stmt"/>
      <line num="186" count="0" type="stmt"/>
      <line num="187" count="0" type="stmt"/>
      <line num="189" count="0" type="cond" truecount="0" falsecount="4"/>
      <line num="190" count="0" type="stmt"/>
      <line num="193" count="0" type="stmt"/>
      <line num="194" count="0" type="stmt"/>
      <line num="195" count="0" type="stmt"/>
      <line num="196" count="0" type="stmt"/>
      <line num="197" count="0" type="stmt"/>
      <line num="205" count="0" type="stmt"/>
      <line num="207" count="0" type="cond" truecount="0" falsecount="4"/>
      <line num="208" count="0" type="stmt"/>
      <line num="211" count="0" type="stmt"/>
      <line num="217" count="0" type="cond" truecount="0" falsecount="2"/>
      <line num="218" count="0" type="stmt"/>
      <line num="219" count="0" type="stmt"/>
      <line num="222" count="0" type="stmt"/>
      <line num="223" count="0" type="stmt"/>
      <line num="232" count="0" type="cond" truecount="0" falsecount="2"/>
      <line num="233" count="0" type="stmt"/>
      <line num="236" count="0" type="stmt"/>
      <line num="237" count="0" type="stmt"/>
      <line num="238" count="0" type="stmt"/>
      <line num="244" count="0" type="cond" truecount="0" falsecount="2"/>
      <line num="245" count="0" type="stmt"/>
      <line num="247" count="0" type="stmt"/>
      <line num="248" count="0" type="stmt"/>
      <line num="249" count="0" type="stmt"/>
      <line num="250" count="0" type="stmt"/>
      <line num="251" count="0" type="stmt"/>
      <line num="252" count="0" type="stmt"/>
      <line num="253" count="0" type="stmt"/>
      <line num="254" count="0" type="stmt"/>
      <line num="255" count="0" type="stmt"/>
      <line num="258" count="0" type="stmt"/>
      <line num="259" count="0" type="stmt"/>
      <line num="263" count="0" type="stmt"/>
      <line num="264" count="0" type="stmt"/>
      <line num="271" count="0" type="cond" truecount="0" falsecount="2"/>
      <line num="274" count="0" type="stmt"/>
      <line num="277" count="0" type="stmt"/>
      <line num="278" count="0" type="stmt"/>
      <line num="279" count="0" type="stmt"/>
      <line num="280" count="0" type="stmt"/>
      <line num="282" count="0" type="stmt"/>
      <line num="283" count="0" type="stmt"/>
      <line num="286" count="0" type="stmt"/>
      <line num="291" count="0" type="stmt"/>
      <line num="292" count="0" type="stmt"/>
      <line num="293" count="0" type="stmt"/>
      <line num="294" count="0" type="stmt"/>
      <line num="295" count="0" type="stmt"/>
      <line num="297" count="0" type="stmt"/>
      <line num="298" count="0" type="stmt"/>
      <line num="299" count="0" type="stmt"/>
      <line num="300" count="0" type="stmt"/>
      <line num="302" count="0" type="stmt"/>
      <line num="303" count="0" type="stmt"/>
      <line num="304" count="0" type="stmt"/>
      <line num="305" count="0" type="stmt"/>
      <line num="307" count="0" type="stmt"/>
      <line num="308" count="0" type="cond" truecount="0" falsecount="2"/>
      <line num="309" count="0" type="stmt"/>
      <line num="310" count="0" type="stmt"/>
      <line num="311" count="0" type="stmt"/>
      <line num="312" count="0" type="stmt"/>
      <line num="313" count="0" type="stmt"/>
      <line num="315" count="0" type="stmt"/>
      <line num="316" count="0" type="stmt"/>
      <line num="318" count="0" type="stmt"/>
      <line num="319" count="0" type="cond" truecount="0" falsecount="2"/>
      <line num="320" count="0" type="stmt"/>
      <line num="321" count="0" type="stmt"/>
      <line num="322" count="0" type="stmt"/>
      <line num="323" count="0" type="stmt"/>
      <line num="324" count="0" type="stmt"/>
      <line num="326" count="0" type="stmt"/>
      <line num="327" count="0" type="stmt"/>
      <line num="329" count="0" type="stmt"/>
      <line num="330" count="0" type="stmt"/>
      <line num="331" count="0" type="stmt"/>
      <line num="332" count="0" type="stmt"/>
      <line num="333" count="0" type="stmt"/>
      <line num="334" count="0" type="stmt"/>
      <line num="335" count="0" type="stmt"/>
      <line num="336" count="0" type="stmt"/>
      <line num="338" count="0" type="stmt"/>
      <line num="339" count="0" type="stmt"/>
      <line num="340" count="0" type="stmt"/>
      <line num="341" count="0" type="stmt"/>
      <line num="342" count="0" type="stmt"/>
      <line num="343" count="0" type="stmt"/>
      <line num="344" count="0" type="stmt"/>
      <line num="345" count="0" type="stmt"/>
      <line num="347" count="0" type="stmt"/>
      <line num="348" count="0" type="stmt"/>
      <line num="349" count="0" type="stmt"/>
      <line num="360" count="0" type="stmt"/>
      <line num="361" count="0" type="stmt"/>
      <line num="362" count="0" type="stmt"/>
      <line num="363" count="0" type="stmt"/>
      <line num="364" count="0" type="stmt"/>
      <line num="365" count="0" type="stmt"/>
      <line num="368" count="0" type="stmt"/>
      <line num="369" count="0" type="stmt"/>
      <line num="370" count="0" type="stmt"/>
      <line num="371" count="0" type="stmt"/>
      <line num="372" count="0" type="stmt"/>
      <line num="378" count="0" type="stmt"/>
      <line num="380" count="0" type="stmt"/>
      <line num="381" count="0" type="cond" truecount="0" falsecount="4"/>
      <line num="382" count="0" type="stmt"/>
      <line num="383" count="0" type="stmt"/>
      <line num="386" count="0" type="stmt"/>
      <line num="391" count="0" type="stmt"/>
      <line num="393" count="0" type="stmt"/>
      <line num="394" count="0" type="cond" truecount="0" falsecount="2"/>
      <line num="395" count="0" type="stmt"/>
      <line num="396" count="0" type="stmt"/>
      <line num="397" count="0" type="stmt"/>
      <line num="406" count="0" type="stmt"/>
      <line num="407" count="0" type="stmt"/>
      <line num="408" count="0" type="cond" truecount="0" falsecount="2"/>
      <line num="409" count="0" type="stmt"/>
      <line num="412" count="0" type="stmt"/>
      <line num="418" count="7" type="stmt"/>
      <line num="420" count="7" type="stmt"/>
      <line num="424" count="7" type="stmt"/>
      <line num="425" count="7" type="stmt"/>
      <line num="426" count="7" type="stmt"/>
      <line num="427" count="7" type="stmt"/>
      <line num="428" count="21" type="cond" truecount="3" falsecount="1"/>
      <line num="430" count="0" type="stmt"/>
      <line num="431" count="0" type="stmt"/>
      <line num="433" count="21" type="cond" truecount="3" falsecount="1"/>
      <line num="434" count="0" type="stmt"/>
      <line num="435" count="0" type="stmt"/>
      <line num="439" count="7" type="cond" truecount="4" falsecount="0"/>
      <line num="440" count="6" type="stmt"/>
      <line num="446" count="7" type="cond" truecount="4" falsecount="0"/>
      <line num="447" count="6" type="stmt"/>
      <line num="448" count="48" type="cond" truecount="2" falsecount="0"/>
      <line num="449" count="6" type="stmt"/>
      <line num="451" count="48" type="cond" truecount="2" falsecount="0"/>
      <line num="452" count="6" type="stmt"/>
      <line num="459" count="6" type="cond" truecount="1" falsecount="1"/>
      <line num="460" count="6" type="stmt"/>
      <line num="462" count="0" type="stmt"/>
      <line num="465" count="6" type="cond" truecount="1" falsecount="1"/>
      <line num="466" count="6" type="cond" truecount="2" falsecount="0"/>
      <line num="467" count="3" type="stmt"/>
      <line num="468" count="3" type="stmt"/>
      <line num="470" count="3" type="stmt"/>
      <line num="476" count="0" type="cond" truecount="0" falsecount="2"/>
      <line num="477" count="0" type="stmt"/>
      <line num="481" count="0" type="stmt"/>
      <line num="489" count="6" type="stmt"/>
      <line num="490" count="6" type="stmt"/>
      <line num="491" count="6" type="stmt"/>
      <line num="493" count="1" type="stmt"/>
      <line num="500" count="119" type="cond" truecount="2" falsecount="0"/>
      <line num="501" count="72" type="stmt"/>
      <line num="503" count="47" type="stmt"/>
      <line num="504" count="47" type="stmt"/>
      <line num="505" count="47" type="stmt"/>
      <line num="507" count="47" type="stmt"/>
      <line num="511" count="26" type="stmt"/>
      <line num="513" count="26" type="stmt"/>
      <line num="515" count="54" type="stmt"/>
      <line num="518" count="26" type="stmt"/>
      <line num="520" count="26" type="stmt"/>
      <line num="525" count="0" type="stmt"/>
      <line num="527" count="0" type="stmt"/>
      <line num="528" count="0" type="stmt"/>
      <line num="532" count="0" type="stmt"/>
      <line num="533" count="0" type="stmt"/>
      <line num="534" count="0" type="stmt"/>
      <line num="537" count="0" type="stmt"/>
      <line num="538" count="0" type="cond" truecount="0" falsecount="2"/>
      <line num="539" count="0" type="stmt"/>
      <line num="540" count="0" type="cond" truecount="0" falsecount="2"/>
      <line num="541" count="0" type="stmt"/>
      <line num="544" count="0" type="stmt"/>
      <line num="545" count="0" type="stmt"/>
      <line num="546" count="0" type="stmt"/>
      <line num="547" count="0" type="stmt"/>
      <line num="557" count="9" type="stmt"/>
      <line num="558" count="9" type="stmt"/>
      <line num="560" count="9" type="stmt"/>
      <line num="562" count="9" type="stmt"/>
      <line num="572" count="9" type="stmt"/>
      <line num="573" count="9" type="stmt"/>
      <line num="578" count="9" type="stmt"/>
      <line num="588" count="2" type="stmt"/>
      <line num="589" count="6" type="stmt"/>
      <line num="591" count="2" type="stmt"/>
      <line num="598" count="2" type="cond" truecount="2" falsecount="2"/>
      <line num="599" count="0" type="stmt"/>
      <line num="600" count="0" type="stmt"/>
      <line num="601" count="2" type="cond" truecount="1" falsecount="1"/>
      <line num="602" count="0" type="stmt"/>
      <line num="603" count="2" type="cond" truecount="1" falsecount="1"/>
      <line num="604" count="0" type="stmt"/>
      <line num="606" count="2" type="stmt"/>
      <line num="608" count="2" type="stmt"/>
      <line num="609" count="2" type="stmt"/>
      <line num="610" count="2" type="stmt"/>
      <line num="611" count="15" type="cond" truecount="1" falsecount="1"/>
      <line num="612" count="15" type="stmt"/>
      <line num="615" count="15" type="cond" truecount="1" falsecount="1"/>
      <line num="616" count="15" type="stmt"/>
      <line num="622" count="2" type="stmt"/>
      <line num="623" count="0" type="cond" truecount="0" falsecount="4"/>
      <line num="625" count="0" type="stmt"/>
      <line num="626" count="0" type="stmt"/>
      <line num="630" count="2" type="stmt"/>
      <line num="632" count="2" type="stmt"/>
      <line num="633" count="2" type="stmt"/>
      <line num="634" count="2" type="stmt"/>
      <line num="636" count="2" type="stmt"/>
      <line num="637" count="13" type="stmt"/>
      <line num="638" count="13" type="stmt"/>
      <line num="641" count="2" type="stmt"/>
      <line num="643" count="2" type="stmt"/>
      <line num="646" count="2" type="stmt"/>
      <line num="653" count="0" type="stmt"/>
      <line num="655" count="0" type="cond" truecount="0" falsecount="2"/>
      <line num="656" count="0" type="cond" truecount="0" falsecount="2"/>
      <line num="657" count="0" type="stmt"/>
      <line num="659" count="0" type="stmt"/>
      <line num="662" count="0" type="stmt"/>
      <line num="672" count="29" type="stmt"/>
      <line num="673" count="29" type="cond" truecount="1" falsecount="1"/>
      <line num="676" count="29" type="stmt"/>
      <line num="677" count="29" type="stmt"/>
      <line num="680" count="29" type="stmt"/>
      <line num="681" count="29" type="stmt"/>
      <line num="682" count="232" type="stmt"/>
      <line num="683" count="232" type="stmt"/>
      <line num="684" count="232" type="stmt"/>
      <line num="687" count="232" type="cond" truecount="2" falsecount="0"/>
      <line num="688" count="29" type="stmt"/>
      <line num="690" count="29" type="cond" truecount="2" falsecount="0"/>
      <line num="691" count="25" type="stmt"/>
      <line num="692" count="25" type="stmt"/>
      <line num="693" count="25" type="stmt"/>
      <line num="696" count="29" type="cond" truecount="2" falsecount="0"/>
      <line num="699" count="15" type="stmt"/>
      <line num="700" count="15" type="stmt"/>
      <line num="702" count="15" type="cond" truecount="2" falsecount="0"/>
      <line num="703" count="9" type="stmt"/>
      <line num="704" count="9" type="stmt"/>
      <line num="706" count="6" type="cond" truecount="1" falsecount="1"/>
      <line num="707" count="6" type="stmt"/>
      <line num="708" count="6" type="stmt"/>
      <line num="709" count="0" type="cond" truecount="0" falsecount="4"/>
      <line num="712" count="0" type="stmt"/>
      <line num="713" count="0" type="cond" truecount="0" falsecount="2"/>
      <line num="714" count="0" type="stmt"/>
      <line num="719" count="0" type="stmt"/>
      <line num="720" count="0" type="stmt"/>
      <line num="721" count="0" type="stmt"/>
      <line num="723" count="15" type="stmt"/>
      <line num="724" count="15" type="stmt"/>
      <line num="728" count="14" type="stmt"/>
      <line num="729" count="14" type="stmt"/>
      <line num="730" count="14" type="cond" truecount="2" falsecount="0"/>
      <line num="731" count="8" type="stmt"/>
      <line num="732" count="8" type="stmt"/>
      <line num="733" count="6" type="cond" truecount="1" falsecount="1"/>
      <line num="734" count="6" type="stmt"/>
      <line num="735" count="6" type="stmt"/>
      <line num="738" count="14" type="stmt"/>
      <line num="739" count="14" type="stmt"/>
      <line num="745" count="29" type="stmt"/>
      <line num="748" count="0" type="stmt"/>
      <line num="749" count="0" type="stmt"/>
      <line num="756" count="1" type="stmt"/>
      <line num="757" count="6" type="cond" truecount="1" falsecount="1"/>
      <line num="758" count="0" type="stmt"/>
      <line num="760" count="6" type="cond" truecount="2" falsecount="0"/>
      <line num="761" count="1" type="stmt"/>
      <line num="765" count="1" type="cond" truecount="1" falsecount="1"/>
      <line num="766" count="1" type="stmt"/>
      <line num="768" count="0" type="stmt"/>
      <line num="771" count="1" type="stmt"/>
      <line num="773" count="1" type="stmt"/>
      <line num="774" count="8" type="cond" truecount="4" falsecount="0"/>
      <line num="775" count="3" type="cond" truecount="1" falsecount="1"/>
      <line num="776" count="0" type="stmt"/>
      <line num="779" count="3" type="cond" truecount="1" falsecount="1"/>
      <line num="780" count="0" type="stmt"/>
      <line num="789" count="1" type="stmt"/>
      <line num="790" count="8" type="stmt"/>
      <line num="792" count="1" type="stmt"/>
      <line num="794" count="1" type="stmt"/>
      <line num="799" count="1" type="stmt"/>
      <line num="804" count="0" type="stmt"/>
      <line num="805" count="0" type="stmt"/>
      <line num="809" count="0" type="stmt"/>
      <line num="810" count="0" type="cond" truecount="0" falsecount="4"/>
      <line num="812" count="0" type="stmt"/>
      <line num="813" count="0" type="stmt"/>
      <line num="814" count="0" type="stmt"/>
      <line num="815" count="0" type="stmt"/>
      <line num="816" count="0" type="stmt"/>
      <line num="818" count="0" type="stmt"/>
      <line num="819" count="0" type="stmt"/>
      <line num="820" count="0" type="stmt"/>
      <line num="821" count="0" type="stmt"/>
      <line num="822" count="0" type="stmt"/>
      <line num="824" count="0" type="stmt"/>
      <line num="825" count="0" type="stmt"/>
      <line num="826" count="0" type="stmt"/>
      <line num="827" count="0" type="stmt"/>
      <line num="828" count="0" type="stmt"/>
      <line num="830" count="0" type="stmt"/>
      <line num="831" count="0" type="stmt"/>
      <line num="832" count="0" type="stmt"/>
      <line num="833" count="0" type="stmt"/>
      <line num="834" count="0" type="stmt"/>
      <line num="839" count="0" type="stmt"/>
      <line num="840" count="0" type="stmt"/>
      <line num="841" count="0" type="cond" truecount="0" falsecount="2"/>
      <line num="842" count="0" type="stmt"/>
      <line num="845" count="0" type="stmt"/>
      <line num="850" count="0" type="cond" truecount="0" falsecount="2"/>
      <line num="851" count="0" type="stmt"/>
      <line num="852" count="0" type="stmt"/>
      <line num="853" count="0" type="stmt"/>
      <line num="854" count="0" type="stmt"/>
      <line num="857" count="0" type="cond" truecount="0" falsecount="4"/>
      <line num="859" count="0" type="stmt"/>
      <line num="860" count="0" type="stmt"/>
      <line num="861" count="0" type="stmt"/>
      <line num="862" count="0" type="stmt"/>
      <line num="863" count="0" type="stmt"/>
      <line num="864" count="0" type="stmt"/>
      <line num="867" count="0" type="cond" truecount="0" falsecount="2"/>
      <line num="875" count="0" type="stmt"/>
      <line num="881" count="0" type="stmt"/>
      <line num="882" count="0" type="stmt"/>
      <line num="883" count="0" type="stmt"/>
      <line num="884" count="0" type="stmt"/>
      <line num="885" count="0" type="stmt"/>
      <line num="887" count="0" type="stmt"/>
      <line num="890" count="0" type="stmt"/>
      <line num="892" count="0" type="stmt"/>
      <line num="893" count="0" type="stmt"/>
      <line num="894" count="0" type="stmt"/>
      <line num="895" count="0" type="stmt"/>
      <line num="900" count="0" type="stmt"/>
      <line num="901" count="0" type="stmt"/>
    </file>
  </project>
</coverage>
