{"C:\\Users\\Acer\\Documents\\GitHub\\moodle_plugin\\Nodes.js": {"path":"C:\\Users\\Acer\\Documents\\GitHub\\moodle_plugin\\Nodes.js","statementMap":{"0":{"start":{"line":4,"column":8},"end":{"line":4,"column":19}},"1":{"start":{"line":5,"column":8},"end":{"line":5,"column":19}},"2":{"start":{"line":6,"column":8},"end":{"line":6,"column":39}},"3":{"start":{"line":7,"column":8},"end":{"line":7,"column":35}},"4":{"start":{"line":8,"column":8},"end":{"line":8,"column":28}},"5":{"start":{"line":9,"column":8},"end":{"line":9,"column":33}},"6":{"start":{"line":10,"column":8},"end":{"line":10,"column":23}},"7":{"start":{"line":11,"column":8},"end":{"line":11,"column":23}},"8":{"start":{"line":17,"column":8},"end":{"line":17,"column":22}},"9":{"start":{"line":22,"column":8},"end":{"line":22,"column":22}},"10":{"start":{"line":28,"column":8},"end":{"line":28,"column":22}},"11":{"start":{"line":33,"column":8},"end":{"line":33,"column":23}},"12":{"start":{"line":38,"column":8},"end":{"line":38,"column":34}},"13":{"start":{"line":42,"column":8},"end":{"line":42,"column":27}},"14":{"start":{"line":46,"column":8},"end":{"line":46,"column":32}},"15":{"start":{"line":50,"column":8},"end":{"line":50,"column":27}},"16":{"start":{"line":54,"column":8},"end":{"line":54,"column":30}},"17":{"start":{"line":58,"column":8},"end":{"line":58,"column":33}},"18":{"start":{"line":62,"column":8},"end":{"line":62,"column":32}},"19":{"start":{"line":66,"column":8},"end":{"line":66,"column":36}},"20":{"start":{"line":69,"column":8},"end":{"line":69,"column":29}},"21":{"start":{"line":72,"column":8},"end":{"line":72,"column":30}},"22":{"start":{"line":75,"column":8},"end":{"line":75,"column":23}},"23":{"start":{"line":78,"column":8},"end":{"line":78,"column":23}},"24":{"start":{"line":84,"column":8},"end":{"line":84,"column":29}},"25":{"start":{"line":85,"column":8},"end":{"line":85,"column":29}},"26":{"start":{"line":89,"column":8},"end":{"line":89,"column":27}},"27":{"start":{"line":94,"column":8},"end":{"line":94,"column":27}},"28":{"start":{"line":98,"column":8},"end":{"line":98,"column":25}},"29":{"start":{"line":103,"column":8},"end":{"line":103,"column":25}},"30":{"start":{"line":109,"column":8},"end":{"line":109,"column":24}},"31":{"start":{"line":110,"column":8},"end":{"line":110,"column":35}},"32":{"start":{"line":111,"column":8},"end":{"line":111,"column":33}},"33":{"start":{"line":112,"column":8},"end":{"line":112,"column":21}},"34":{"start":{"line":113,"column":8},"end":{"line":113,"column":21}},"35":{"start":{"line":114,"column":8},"end":{"line":114,"column":39}},"36":{"start":{"line":122,"column":39},"end":{"line":122,"column":44}},"37":{"start":{"line":123,"column":8},"end":{"line":123,"column":9}},"38":{"start":{"line":125,"column":0},"end":{"line":125,"column":26}},"39":{"start":{"line":126,"column":18},"end":{"line":126,"column":29}},"40":{"start":{"line":127,"column":14},"end":{"line":127,"column":25}},"41":{"start":{"line":128,"column":16},"end":{"line":128,"column":41}},"42":{"start":{"line":129,"column":17},"end":{"line":129,"column":22}},"43":{"start":{"line":130,"column":23},"end":{"line":130,"column":31}},"44":{"start":{"line":131,"column":0},"end":{"line":131,"column":28}},"45":{"start":{"line":133,"column":12},"end":{"line":133,"column":13}},"46":{"start":{"line":138,"column":4},"end":{"line":138,"column":17}},"47":{"start":{"line":143,"column":19},"end":{"line":143,"column":24}},"48":{"start":{"line":148,"column":8},"end":{"line":150,"column":9}},"49":{"start":{"line":149,"column":12},"end":{"line":149,"column":19}},"50":{"start":{"line":151,"column":8},"end":{"line":153,"column":9}},"51":{"start":{"line":152,"column":12},"end":{"line":152,"column":19}},"52":{"start":{"line":156,"column":16},"end":{"line":156,"column":46}},"53":{"start":{"line":157,"column":8},"end":{"line":157,"column":45}},"54":{"start":{"line":158,"column":8},"end":{"line":158,"column":44}},"55":{"start":{"line":160,"column":8},"end":{"line":163,"column":9}},"56":{"start":{"line":161,"column":12},"end":{"line":161,"column":19}},"57":{"start":{"line":164,"column":8},"end":{"line":164,"column":24}},"58":{"start":{"line":165,"column":8},"end":{"line":165,"column":44}},"59":{"start":{"line":166,"column":8},"end":{"line":166,"column":62}},"60":{"start":{"line":167,"column":8},"end":{"line":167,"column":23}},"61":{"start":{"line":168,"column":8},"end":{"line":168,"column":23}},"62":{"start":{"line":170,"column":8},"end":{"line":170,"column":63}},"63":{"start":{"line":172,"column":8},"end":{"line":177,"column":9}},"64":{"start":{"line":173,"column":12},"end":{"line":173,"column":24}},"65":{"start":{"line":176,"column":12},"end":{"line":176,"column":25}},"66":{"start":{"line":178,"column":8},"end":{"line":183,"column":9}},"67":{"start":{"line":179,"column":12},"end":{"line":179,"column":31}},"68":{"start":{"line":180,"column":12},"end":{"line":180,"column":31}},"69":{"start":{"line":181,"column":12},"end":{"line":181,"column":71}},"70":{"start":{"line":182,"column":12},"end":{"line":182,"column":67}},"71":{"start":{"line":188,"column":8},"end":{"line":190,"column":9}},"72":{"start":{"line":189,"column":12},"end":{"line":189,"column":19}},"73":{"start":{"line":192,"column":16},"end":{"line":192,"column":46}},"74":{"start":{"line":193,"column":8},"end":{"line":193,"column":45}},"75":{"start":{"line":194,"column":8},"end":{"line":194,"column":44}},"76":{"start":{"line":195,"column":8},"end":{"line":207,"column":9}},"77":{"start":{"line":196,"column":12},"end":{"line":196,"column":19}},"78":{"start":{"line":198,"column":12},"end":{"line":198,"column":66}},"79":{"start":{"line":199,"column":24},"end":{"line":199,"column":44}},"80":{"start":{"line":200,"column":24},"end":{"line":200,"column":44}},"81":{"start":{"line":201,"column":12},"end":{"line":201,"column":34}},"82":{"start":{"line":202,"column":12},"end":{"line":202,"column":34}},"83":{"start":{"line":203,"column":25},"end":{"line":203,"column":34}},"84":{"start":{"line":204,"column":25},"end":{"line":204,"column":34}},"85":{"start":{"line":205,"column":12},"end":{"line":205,"column":59}},"86":{"start":{"line":206,"column":12},"end":{"line":206,"column":39}},"87":{"start":{"line":209,"column":8},"end":{"line":209,"column":23}},"88":{"start":{"line":210,"column":8},"end":{"line":210,"column":23}},"89":{"start":{"line":214,"column":8},"end":{"line":214,"column":18}},"90":{"start":{"line":215,"column":8},"end":{"line":215,"column":18}},"91":{"start":{"line":222,"column":8},"end":{"line":227,"column":9}},"92":{"start":{"line":225,"column":12},"end":{"line":225,"column":19}},"93":{"start":{"line":228,"column":8},"end":{"line":228,"column":25}},"94":{"start":{"line":229,"column":8},"end":{"line":229,"column":62}},"95":{"start":{"line":230,"column":8},"end":{"line":230,"column":23}},"96":{"start":{"line":231,"column":8},"end":{"line":231,"column":23}},"97":{"start":{"line":233,"column":8},"end":{"line":233,"column":70}},"98":{"start":{"line":234,"column":8},"end":{"line":234,"column":68}},"99":{"start":{"line":237,"column":4},"end":{"line":237,"column":61}},"100":{"start":{"line":242,"column":4},"end":{"line":247,"column":5}},"101":{"start":{"line":243,"column":8},"end":{"line":243,"column":25}},"102":{"start":{"line":244,"column":8},"end":{"line":244,"column":28}},"103":{"start":{"line":245,"column":8},"end":{"line":245,"column":28}},"104":{"start":{"line":246,"column":8},"end":{"line":246,"column":22}},"105":{"start":{"line":248,"column":4},"end":{"line":252,"column":5}},"106":{"start":{"line":249,"column":8},"end":{"line":249,"column":25}},"107":{"start":{"line":250,"column":8},"end":{"line":250,"column":49}},"108":{"start":{"line":251,"column":8},"end":{"line":251,"column":20}},"109":{"start":{"line":253,"column":4},"end":{"line":257,"column":5}},"110":{"start":{"line":254,"column":8},"end":{"line":254,"column":25}},"111":{"start":{"line":255,"column":8},"end":{"line":255,"column":54}},"112":{"start":{"line":256,"column":8},"end":{"line":256,"column":22}},"113":{"start":{"line":267,"column":4},"end":{"line":277,"column":5}},"114":{"start":{"line":267,"column":17},"end":{"line":267,"column":18}},"115":{"start":{"line":269,"column":8},"end":{"line":276,"column":9}},"116":{"start":{"line":269,"column":21},"end":{"line":269,"column":22}},"117":{"start":{"line":270,"column":12},"end":{"line":274,"column":13}},"118":{"start":{"line":271,"column":16},"end":{"line":271,"column":43}},"119":{"start":{"line":272,"column":16},"end":{"line":272,"column":70}},"120":{"start":{"line":273,"column":16},"end":{"line":273,"column":70}},"121":{"start":{"line":282,"column":17},"end":{"line":282,"column":22}},"122":{"start":{"line":284,"column":4},"end":{"line":284,"column":80}},"123":{"start":{"line":288,"column":19},"end":{"line":288,"column":65}},"124":{"start":{"line":289,"column":16},"end":{"line":289,"column":21}},"125":{"start":{"line":290,"column":16},"end":{"line":290,"column":20}},"126":{"start":{"line":291,"column":4},"end":{"line":301,"column":5}},"127":{"start":{"line":291,"column":17},"end":{"line":291,"column":18}},"128":{"start":{"line":292,"column":8},"end":{"line":296,"column":9}},"129":{"start":{"line":294,"column":12},"end":{"line":294,"column":72}},"130":{"start":{"line":295,"column":12},"end":{"line":295,"column":25}},"131":{"start":{"line":297,"column":8},"end":{"line":300,"column":9}},"132":{"start":{"line":298,"column":12},"end":{"line":298,"column":72}},"133":{"start":{"line":299,"column":12},"end":{"line":299,"column":25}},"134":{"start":{"line":303,"column":4},"end":{"line":305,"column":5}},"135":{"start":{"line":304,"column":8},"end":{"line":304,"column":22}},"136":{"start":{"line":307,"column":4},"end":{"line":355,"column":5}},"137":{"start":{"line":308,"column":8},"end":{"line":316,"column":9}},"138":{"start":{"line":308,"column":21},"end":{"line":308,"column":22}},"139":{"start":{"line":309,"column":12},"end":{"line":311,"column":13}},"140":{"start":{"line":310,"column":29},"end":{"line":310,"column":43}},"141":{"start":{"line":312,"column":12},"end":{"line":314,"column":13}},"142":{"start":{"line":313,"column":29},"end":{"line":313,"column":43}},"143":{"start":{"line":320,"column":8},"end":{"line":324,"column":9}},"144":{"start":{"line":321,"column":12},"end":{"line":321,"column":23}},"145":{"start":{"line":323,"column":12},"end":{"line":323,"column":23}},"146":{"start":{"line":326,"column":8},"end":{"line":346,"column":9}},"147":{"start":{"line":327,"column":12},"end":{"line":332,"column":13}},"148":{"start":{"line":328,"column":32},"end":{"line":328,"column":102}},"149":{"start":{"line":329,"column":16},"end":{"line":329,"column":45}},"150":{"start":{"line":331,"column":16},"end":{"line":331,"column":44}},"151":{"start":{"line":337,"column":12},"end":{"line":343,"column":13}},"152":{"start":{"line":338,"column":16},"end":{"line":338,"column":45}},"153":{"start":{"line":342,"column":16},"end":{"line":342,"column":44}},"154":{"start":{"line":350,"column":8},"end":{"line":350,"column":35}},"155":{"start":{"line":351,"column":8},"end":{"line":351,"column":48}},"156":{"start":{"line":352,"column":8},"end":{"line":352,"column":39}},"157":{"start":{"line":354,"column":8},"end":{"line":354,"column":80}},"158":{"start":{"line":361,"column":4},"end":{"line":363,"column":5}},"159":{"start":{"line":362,"column":8},"end":{"line":362,"column":15}},"160":{"start":{"line":364,"column":4},"end":{"line":364,"column":23}},"161":{"start":{"line":365,"column":4},"end":{"line":365,"column":43}},"162":{"start":{"line":366,"column":4},"end":{"line":366,"column":44}},"163":{"start":{"line":368,"column":4},"end":{"line":368,"column":30}},"164":{"start":{"line":372,"column":4},"end":{"line":372,"column":27}},"165":{"start":{"line":374,"column":4},"end":{"line":378,"column":5}},"166":{"start":{"line":374,"column":17},"end":{"line":374,"column":18}},"167":{"start":{"line":376,"column":8},"end":{"line":376,"column":47}},"168":{"start":{"line":379,"column":4},"end":{"line":379,"column":26}},"169":{"start":{"line":381,"column":4},"end":{"line":381,"column":20}},"170":{"start":{"line":386,"column":4},"end":{"line":402,"column":5}},"171":{"start":{"line":386,"column":17},"end":{"line":386,"column":18}},"172":{"start":{"line":387,"column":20},"end":{"line":387,"column":46}},"173":{"start":{"line":388,"column":20},"end":{"line":388,"column":46}},"174":{"start":{"line":391,"column":8},"end":{"line":397,"column":9}},"175":{"start":{"line":391,"column":21},"end":{"line":391,"column":22}},"176":{"start":{"line":392,"column":12},"end":{"line":396,"column":13}},"177":{"start":{"line":393,"column":16},"end":{"line":393,"column":40}},"178":{"start":{"line":394,"column":19},"end":{"line":396,"column":13}},"179":{"start":{"line":395,"column":16},"end":{"line":395,"column":40}},"180":{"start":{"line":398,"column":8},"end":{"line":398,"column":24}},"181":{"start":{"line":399,"column":8},"end":{"line":399,"column":39}},"182":{"start":{"line":400,"column":8},"end":{"line":400,"column":88}},"183":{"start":{"line":401,"column":8},"end":{"line":401,"column":27}},"184":{"start":{"line":408,"column":4},"end":{"line":408,"column":8}},"185":{"start":{"line":409,"column":19},"end":{"line":409,"column":47}},"186":{"start":{"line":411,"column":4},"end":{"line":411,"column":31}},"187":{"start":{"line":412,"column":34},"end":{"line":412,"column":48}},"188":{"start":{"line":413,"column":4},"end":{"line":413,"column":54}},"189":{"start":{"line":414,"column":4},"end":{"line":414,"column":33}},"190":{"start":{"line":422,"column":4},"end":{"line":424,"column":5}},"191":{"start":{"line":422,"column":17},"end":{"line":422,"column":23}},"192":{"start":{"line":423,"column":8},"end":{"line":423,"column":38}},"193":{"start":{"line":425,"column":4},"end":{"line":425,"column":23}},"194":{"start":{"line":432,"column":4},"end":{"line":439,"column":5}},"195":{"start":{"line":433,"column":8},"end":{"line":433,"column":46}},"196":{"start":{"line":434,"column":8},"end":{"line":434,"column":31}},"197":{"start":{"line":435,"column":11},"end":{"line":439,"column":5}},"198":{"start":{"line":436,"column":8},"end":{"line":436,"column":46}},"199":{"start":{"line":437,"column":11},"end":{"line":439,"column":5}},"200":{"start":{"line":438,"column":8},"end":{"line":438,"column":31}},"201":{"start":{"line":440,"column":4},"end":{"line":440,"column":46}},"202":{"start":{"line":442,"column":4},"end":{"line":442,"column":12}},"203":{"start":{"line":443,"column":4},"end":{"line":443,"column":54}},"204":{"start":{"line":444,"column":4},"end":{"line":453,"column":5}},"205":{"start":{"line":444,"column":17},"end":{"line":444,"column":18}},"206":{"start":{"line":445,"column":8},"end":{"line":447,"column":9}},"207":{"start":{"line":446,"column":12},"end":{"line":446,"column":46}},"208":{"start":{"line":449,"column":8},"end":{"line":451,"column":9}},"209":{"start":{"line":450,"column":12},"end":{"line":450,"column":47}},"210":{"start":{"line":456,"column":4},"end":{"line":463,"column":5}},"211":{"start":{"line":456,"column":17},"end":{"line":456,"column":18}},"212":{"start":{"line":457,"column":8},"end":{"line":462,"column":9}},"213":{"start":{"line":459,"column":12},"end":{"line":459,"column":37}},"214":{"start":{"line":460,"column":12},"end":{"line":460,"column":16}},"215":{"start":{"line":464,"column":34},"end":{"line":464,"column":55}},"216":{"start":{"line":466,"column":4},"end":{"line":466,"column":36}},"217":{"start":{"line":467,"column":4},"end":{"line":467,"column":23}},"218":{"start":{"line":468,"column":4},"end":{"line":468,"column":36}},"219":{"start":{"line":470,"column":4},"end":{"line":473,"column":6}},"220":{"start":{"line":471,"column":38},"end":{"line":471,"column":42}},"221":{"start":{"line":472,"column":8},"end":{"line":472,"column":43}},"222":{"start":{"line":475,"column":4},"end":{"line":475,"column":8}},"223":{"start":{"line":477,"column":4},"end":{"line":477,"column":46}},"224":{"start":{"line":478,"column":4},"end":{"line":478,"column":33}},"225":{"start":{"line":483,"column":4},"end":{"line":495,"column":5}},"226":{"start":{"line":483,"column":17},"end":{"line":483,"column":18}},"227":{"start":{"line":485,"column":8},"end":{"line":493,"column":9}},"228":{"start":{"line":486,"column":12},"end":{"line":490,"column":13}},"229":{"start":{"line":487,"column":16},"end":{"line":487,"column":51}},"230":{"start":{"line":489,"column":16},"end":{"line":489,"column":52}},"231":{"start":{"line":492,"column":12},"end":{"line":492,"column":49}},"232":{"start":{"line":502,"column":4},"end":{"line":502,"column":46}},"233":{"start":{"line":503,"column":4},"end":{"line":577,"column":5}},"234":{"start":{"line":506,"column":28},"end":{"line":506,"column":50}},"235":{"start":{"line":507,"column":25},"end":{"line":507,"column":49}},"236":{"start":{"line":508,"column":24},"end":{"line":508,"column":25}},"237":{"start":{"line":509,"column":8},"end":{"line":570,"column":9}},"238":{"start":{"line":509,"column":21},"end":{"line":509,"column":22}},"239":{"start":{"line":510,"column":12},"end":{"line":510,"column":44}},"240":{"start":{"line":511,"column":12},"end":{"line":511,"column":44}},"241":{"start":{"line":512,"column":12},"end":{"line":512,"column":105}},"242":{"start":{"line":515,"column":12},"end":{"line":569,"column":13}},"243":{"start":{"line":516,"column":16},"end":{"line":516,"column":47}},"244":{"start":{"line":518,"column":16},"end":{"line":522,"column":17}},"245":{"start":{"line":519,"column":20},"end":{"line":519,"column":42}},"246":{"start":{"line":520,"column":20},"end":{"line":520,"column":66}},"247":{"start":{"line":521,"column":20},"end":{"line":521,"column":35}},"248":{"start":{"line":524,"column":16},"end":{"line":567,"column":17}},"249":{"start":{"line":527,"column":20},"end":{"line":527,"column":56}},"250":{"start":{"line":528,"column":20},"end":{"line":528,"column":92}},"251":{"start":{"line":530,"column":20},"end":{"line":550,"column":21}},"252":{"start":{"line":531,"column":24},"end":{"line":531,"column":72}},"253":{"start":{"line":532,"column":24},"end":{"line":532,"column":32}},"254":{"start":{"line":534,"column":27},"end":{"line":550,"column":21}},"255":{"start":{"line":535,"column":24},"end":{"line":535,"column":72}},"256":{"start":{"line":536,"column":24},"end":{"line":536,"column":32}},"257":{"start":{"line":537,"column":27},"end":{"line":550,"column":21}},"258":{"start":{"line":540,"column":24},"end":{"line":546,"column":25}},"259":{"start":{"line":540,"column":37},"end":{"line":540,"column":38}},"260":{"start":{"line":541,"column":28},"end":{"line":543,"column":29}},"261":{"start":{"line":542,"column":48},"end":{"line":542,"column":49}},"262":{"start":{"line":547,"column":24},"end":{"line":547,"column":69}},"263":{"start":{"line":548,"column":24},"end":{"line":548,"column":62}},"264":{"start":{"line":549,"column":24},"end":{"line":549,"column":72}},"265":{"start":{"line":551,"column":20},"end":{"line":551,"column":72}},"266":{"start":{"line":552,"column":20},"end":{"line":552,"column":72}},"267":{"start":{"line":556,"column":20},"end":{"line":556,"column":80}},"268":{"start":{"line":557,"column":20},"end":{"line":557,"column":57}},"269":{"start":{"line":558,"column":20},"end":{"line":564,"column":21}},"270":{"start":{"line":559,"column":24},"end":{"line":559,"column":47}},"271":{"start":{"line":560,"column":24},"end":{"line":560,"column":32}},"272":{"start":{"line":561,"column":27},"end":{"line":564,"column":21}},"273":{"start":{"line":562,"column":24},"end":{"line":562,"column":47}},"274":{"start":{"line":563,"column":24},"end":{"line":563,"column":32}},"275":{"start":{"line":565,"column":20},"end":{"line":565,"column":72}},"276":{"start":{"line":566,"column":20},"end":{"line":566,"column":71}},"277":{"start":{"line":572,"column":8},"end":{"line":572,"column":29}},"278":{"start":{"line":575,"column":8},"end":{"line":575,"column":27}},"279":{"start":{"line":576,"column":8},"end":{"line":576,"column":26}},"280":{"start":{"line":583,"column":4},"end":{"line":590,"column":5}},"281":{"start":{"line":583,"column":17},"end":{"line":583,"column":18}},"282":{"start":{"line":584,"column":8},"end":{"line":586,"column":9}},"283":{"start":{"line":585,"column":12},"end":{"line":585,"column":42}},"284":{"start":{"line":587,"column":8},"end":{"line":589,"column":9}},"285":{"start":{"line":588,"column":12},"end":{"line":588,"column":42}},"286":{"start":{"line":592,"column":4},"end":{"line":596,"column":5}},"287":{"start":{"line":593,"column":8},"end":{"line":593,"column":32}},"288":{"start":{"line":595,"column":8},"end":{"line":595,"column":32}},"289":{"start":{"line":598,"column":4},"end":{"line":598,"column":42}},"290":{"start":{"line":600,"column":4},"end":{"line":611,"column":5}},"291":{"start":{"line":600,"column":17},"end":{"line":600,"column":18}},"292":{"start":{"line":601,"column":8},"end":{"line":609,"column":9}},"293":{"start":{"line":602,"column":12},"end":{"line":604,"column":13}},"294":{"start":{"line":603,"column":16},"end":{"line":603,"column":62}},"295":{"start":{"line":606,"column":12},"end":{"line":608,"column":13}},"296":{"start":{"line":607,"column":16},"end":{"line":607,"column":63}},"297":{"start":{"line":613,"column":4},"end":{"line":613,"column":17}},"298":{"start":{"line":617,"column":0},"end":{"line":617,"column":96}},"299":{"start":{"line":620,"column":16},"end":{"line":620,"column":56}},"300":{"start":{"line":621,"column":4},"end":{"line":621,"column":15}},"301":{"start":{"line":625,"column":4},"end":{"line":625,"column":32}},"302":{"start":{"line":626,"column":4},"end":{"line":639,"column":5}},"303":{"start":{"line":628,"column":12},"end":{"line":628,"column":28}},"304":{"start":{"line":629,"column":12},"end":{"line":629,"column":30}},"305":{"start":{"line":630,"column":12},"end":{"line":630,"column":32}},"306":{"start":{"line":631,"column":12},"end":{"line":631,"column":33}},"307":{"start":{"line":632,"column":12},"end":{"line":632,"column":18}},"308":{"start":{"line":634,"column":12},"end":{"line":634,"column":29}},"309":{"start":{"line":635,"column":12},"end":{"line":635,"column":30}},"310":{"start":{"line":636,"column":12},"end":{"line":636,"column":31}},"311":{"start":{"line":637,"column":12},"end":{"line":637,"column":33}},"312":{"start":{"line":638,"column":12},"end":{"line":638,"column":18}},"313":{"start":{"line":643,"column":4},"end":{"line":648,"column":5}},"314":{"start":{"line":644,"column":8},"end":{"line":644,"column":23}},"315":{"start":{"line":645,"column":8},"end":{"line":645,"column":27}},"316":{"start":{"line":646,"column":8},"end":{"line":646,"column":23}},"317":{"start":{"line":647,"column":8},"end":{"line":647,"column":51}},"318":{"start":{"line":650,"column":4},"end":{"line":658,"column":5}},"319":{"start":{"line":652,"column":8},"end":{"line":652,"column":42}},"320":{"start":{"line":653,"column":8},"end":{"line":653,"column":45}},"321":{"start":{"line":654,"column":8},"end":{"line":654,"column":33}},"322":{"start":{"line":655,"column":8},"end":{"line":655,"column":62}},"323":{"start":{"line":656,"column":8},"end":{"line":656,"column":23}},"324":{"start":{"line":657,"column":8},"end":{"line":657,"column":23}}},"fnMap":{"0":{"name":"(anonymous_0)","decl":{"start":{"line":3,"column":4},"end":{"line":3,"column":5}},"loc":{"start":{"line":3,"column":46},"end":{"line":12,"column":5}},"line":3},"1":{"name":"(anonymous_1)","decl":{"start":{"line":15,"column":4},"end":{"line":15,"column":5}},"loc":{"start":{"line":15,"column":11},"end":{"line":19,"column":5}},"line":15},"2":{"name":"(anonymous_2)","decl":{"start":{"line":20,"column":4},"end":{"line":20,"column":5}},"loc":{"start":{"line":20,"column":11},"end":{"line":24,"column":5}},"line":20},"3":{"name":"(anonymous_3)","decl":{"start":{"line":26,"column":4},"end":{"line":26,"column":5}},"loc":{"start":{"line":26,"column":16},"end":{"line":30,"column":5}},"line":26},"4":{"name":"(anonymous_4)","decl":{"start":{"line":31,"column":4},"end":{"line":31,"column":5}},"loc":{"start":{"line":31,"column":16},"end":{"line":35,"column":5}},"line":31},"5":{"name":"(anonymous_5)","decl":{"start":{"line":37,"column":4},"end":{"line":37,"column":5}},"loc":{"start":{"line":37,"column":23},"end":{"line":39,"column":5}},"line":37},"6":{"name":"(anonymous_6)","decl":{"start":{"line":41,"column":4},"end":{"line":41,"column":5}},"loc":{"start":{"line":41,"column":18},"end":{"line":43,"column":5}},"line":41},"7":{"name":"(anonymous_7)","decl":{"start":{"line":45,"column":4},"end":{"line":45,"column":5}},"loc":{"start":{"line":45,"column":17},"end":{"line":47,"column":5}},"line":45},"8":{"name":"(anonymous_8)","decl":{"start":{"line":49,"column":4},"end":{"line":49,"column":5}},"loc":{"start":{"line":49,"column":14},"end":{"line":51,"column":5}},"line":49},"9":{"name":"(anonymous_9)","decl":{"start":{"line":53,"column":4},"end":{"line":53,"column":5}},"loc":{"start":{"line":53,"column":18},"end":{"line":55,"column":5}},"line":53},"10":{"name":"(anonymous_10)","decl":{"start":{"line":57,"column":4},"end":{"line":57,"column":5}},"loc":{"start":{"line":57,"column":25},"end":{"line":59,"column":5}},"line":57},"11":{"name":"(anonymous_11)","decl":{"start":{"line":60,"column":4},"end":{"line":60,"column":5}},"loc":{"start":{"line":60,"column":21},"end":{"line":63,"column":5}},"line":60},"12":{"name":"(anonymous_12)","decl":{"start":{"line":64,"column":4},"end":{"line":64,"column":5}},"loc":{"start":{"line":64,"column":29},"end":{"line":67,"column":5}},"line":64},"13":{"name":"(anonymous_13)","decl":{"start":{"line":68,"column":4},"end":{"line":68,"column":5}},"loc":{"start":{"line":68,"column":29},"end":{"line":70,"column":5}},"line":68},"14":{"name":"(anonymous_14)","decl":{"start":{"line":71,"column":4},"end":{"line":71,"column":5}},"loc":{"start":{"line":71,"column":31},"end":{"line":73,"column":5}},"line":71},"15":{"name":"(anonymous_15)","decl":{"start":{"line":74,"column":4},"end":{"line":74,"column":5}},"loc":{"start":{"line":74,"column":19},"end":{"line":76,"column":5}},"line":74},"16":{"name":"(anonymous_16)","decl":{"start":{"line":77,"column":4},"end":{"line":77,"column":5}},"loc":{"start":{"line":77,"column":20},"end":{"line":79,"column":5}},"line":77},"17":{"name":"(anonymous_17)","decl":{"start":{"line":83,"column":4},"end":{"line":83,"column":5}},"loc":{"start":{"line":83,"column":32},"end":{"line":86,"column":5}},"line":83},"18":{"name":"(anonymous_18)","decl":{"start":{"line":88,"column":4},"end":{"line":88,"column":5}},"loc":{"start":{"line":88,"column":16},"end":{"line":91,"column":5}},"line":88},"19":{"name":"(anonymous_19)","decl":{"start":{"line":93,"column":4},"end":{"line":93,"column":5}},"loc":{"start":{"line":93,"column":16},"end":{"line":96,"column":5}},"line":93},"20":{"name":"(anonymous_20)","decl":{"start":{"line":97,"column":4},"end":{"line":97,"column":5}},"loc":{"start":{"line":97,"column":18},"end":{"line":100,"column":5}},"line":97},"21":{"name":"(anonymous_21)","decl":{"start":{"line":102,"column":4},"end":{"line":102,"column":5}},"loc":{"start":{"line":102,"column":18},"end":{"line":105,"column":5}},"line":102},"22":{"name":"(anonymous_22)","decl":{"start":{"line":108,"column":4},"end":{"line":108,"column":5}},"loc":{"start":{"line":108,"column":64},"end":{"line":115,"column":5}},"line":108},"23":{"name":"sum","decl":{"start":{"line":137,"column":9},"end":{"line":137,"column":12}},"loc":{"start":{"line":137,"column":19},"end":{"line":139,"column":1}},"line":137},"24":{"name":"installMouseHandler","decl":{"start":{"line":141,"column":9},"end":{"line":141,"column":28}},"loc":{"start":{"line":141,"column":31},"end":{"line":239,"column":1}},"line":141},"25":{"name":"doMouseDown","decl":{"start":{"line":145,"column":13},"end":{"line":145,"column":24}},"loc":{"start":{"line":145,"column":30},"end":{"line":184,"column":5}},"line":145},"26":{"name":"doMouseMove","decl":{"start":{"line":186,"column":13},"end":{"line":186,"column":24}},"loc":{"start":{"line":186,"column":30},"end":{"line":217,"column":5}},"line":186},"27":{"name":"doMouseUp","decl":{"start":{"line":219,"column":13},"end":{"line":219,"column":22}},"loc":{"start":{"line":219,"column":28},"end":{"line":235,"column":5}},"line":219},"28":{"name":"addGraphicsContextExtras","decl":{"start":{"line":241,"column":9},"end":{"line":241,"column":33}},"loc":{"start":{"line":241,"column":44},"end":{"line":258,"column":1}},"line":241},"29":{"name":"(anonymous_29)","decl":{"start":{"line":242,"column":26},"end":{"line":242,"column":27}},"loc":{"start":{"line":242,"column":51},"end":{"line":247,"column":5}},"line":242},"30":{"name":"(anonymous_30)","decl":{"start":{"line":248,"column":26},"end":{"line":248,"column":27}},"loc":{"start":{"line":248,"column":44},"end":{"line":252,"column":5}},"line":248},"31":{"name":"(anonymous_31)","decl":{"start":{"line":253,"column":28},"end":{"line":253,"column":29}},"loc":{"start":{"line":253,"column":51},"end":{"line":257,"column":5}},"line":253},"32":{"name":"DrawNewNode","decl":{"start":{"line":260,"column":9},"end":{"line":260,"column":20}},"loc":{"start":{"line":260,"column":34},"end":{"line":263,"column":1}},"line":260},"33":{"name":"Apply_Tree_Move","decl":{"start":{"line":265,"column":9},"end":{"line":265,"column":24}},"loc":{"start":{"line":265,"column":55},"end":{"line":278,"column":1}},"line":265},"34":{"name":"joinNodes","decl":{"start":{"line":281,"column":9},"end":{"line":281,"column":18}},"loc":{"start":{"line":281,"column":26},"end":{"line":357,"column":1}},"line":281},"35":{"name":"PreOrderTraversal","decl":{"start":{"line":360,"column":9},"end":{"line":360,"column":26}},"loc":{"start":{"line":360,"column":33},"end":{"line":369,"column":1}},"line":360},"36":{"name":"PrintSubTree","decl":{"start":{"line":371,"column":9},"end":{"line":371,"column":21}},"loc":{"start":{"line":371,"column":24},"end":{"line":383,"column":1}},"line":371},"37":{"name":"DrawAllEdges","decl":{"start":{"line":385,"column":9},"end":{"line":385,"column":21}},"loc":{"start":{"line":385,"column":24},"end":{"line":403,"column":1}},"line":385},"38":{"name":"addNode","decl":{"start":{"line":407,"column":9},"end":{"line":407,"column":16}},"loc":{"start":{"line":407,"column":34},"end":{"line":415,"column":1}},"line":407},"39":{"name":"FxIndDel","decl":{"start":{"line":421,"column":9},"end":{"line":421,"column":17}},"loc":{"start":{"line":421,"column":26},"end":{"line":427,"column":1}},"line":421},"40":{"name":"deleteNode","decl":{"start":{"line":429,"column":9},"end":{"line":429,"column":19}},"loc":{"start":{"line":429,"column":39},"end":{"line":480,"column":1}},"line":429},"41":{"name":"(anonymous_41)","decl":{"start":{"line":470,"column":20},"end":{"line":470,"column":21}},"loc":{"start":{"line":470,"column":30},"end":{"line":473,"column":5}},"line":470},"42":{"name":"DrawAllNodes","decl":{"start":{"line":482,"column":9},"end":{"line":482,"column":21}},"loc":{"start":{"line":482,"column":24},"end":{"line":497,"column":1}},"line":482},"43":{"name":"Check_Clicked","decl":{"start":{"line":500,"column":9},"end":{"line":500,"column":22}},"loc":{"start":{"line":500,"column":43},"end":{"line":580,"column":1}},"line":500},"44":{"name":"editNode","decl":{"start":{"line":582,"column":9},"end":{"line":582,"column":17}},"loc":{"start":{"line":582,"column":42},"end":{"line":616,"column":1}},"line":582},"45":{"name":"getVal","decl":{"start":{"line":619,"column":9},"end":{"line":619,"column":15}},"loc":{"start":{"line":619,"column":18},"end":{"line":622,"column":1}},"line":619},"46":{"name":"paintComponent","decl":{"start":{"line":624,"column":9},"end":{"line":624,"column":23}},"loc":{"start":{"line":624,"column":40},"end":{"line":640,"column":1}},"line":624},"47":{"name":"doNodeOperations","decl":{"start":{"line":642,"column":9},"end":{"line":642,"column":25}},"loc":{"start":{"line":642,"column":31},"end":{"line":660,"column":1}},"line":642}},"branchMap":{"0":{"loc":{"start":{"line":148,"column":8},"end":{"line":150,"column":9}},"type":"if","locations":[{"start":{"line":148,"column":8},"end":{"line":150,"column":9}},{"start":{},"end":{}}],"line":148},"1":{"loc":{"start":{"line":151,"column":8},"end":{"line":153,"column":9}},"type":"if","locations":[{"start":{"line":151,"column":8},"end":{"line":153,"column":9}},{"start":{},"end":{}}],"line":151},"2":{"loc":{"start":{"line":160,"column":8},"end":{"line":163,"column":9}},"type":"if","locations":[{"start":{"line":160,"column":8},"end":{"line":163,"column":9}},{"start":{},"end":{}}],"line":160},"3":{"loc":{"start":{"line":160,"column":12},"end":{"line":160,"column":30}},"type":"binary-expr","locations":[{"start":{"line":160,"column":12},"end":{"line":160,"column":19}},{"start":{"line":160,"column":23},"end":{"line":160,"column":30}}],"line":160},"4":{"loc":{"start":{"line":172,"column":8},"end":{"line":177,"column":9}},"type":"if","locations":[{"start":{"line":172,"column":8},"end":{"line":177,"column":9}},{"start":{"line":175,"column":15},"end":{"line":177,"column":9}}],"line":172},"5":{"loc":{"start":{"line":172,"column":12},"end":{"line":172,"column":78}},"type":"binary-expr","locations":[{"start":{"line":172,"column":12},"end":{"line":172,"column":44}},{"start":{"line":172,"column":48},"end":{"line":172,"column":78}}],"line":172},"6":{"loc":{"start":{"line":178,"column":8},"end":{"line":183,"column":9}},"type":"if","locations":[{"start":{"line":178,"column":8},"end":{"line":183,"column":9}},{"start":{},"end":{}}],"line":178},"7":{"loc":{"start":{"line":188,"column":8},"end":{"line":190,"column":9}},"type":"if","locations":[{"start":{"line":188,"column":8},"end":{"line":190,"column":9}},{"start":{},"end":{}}],"line":188},"8":{"loc":{"start":{"line":195,"column":8},"end":{"line":207,"column":9}},"type":"if","locations":[{"start":{"line":195,"column":8},"end":{"line":207,"column":9}},{"start":{"line":197,"column":15},"end":{"line":207,"column":9}}],"line":195},"9":{"loc":{"start":{"line":222,"column":8},"end":{"line":227,"column":9}},"type":"if","locations":[{"start":{"line":222,"column":8},"end":{"line":227,"column":9}},{"start":{},"end":{}}],"line":222},"10":{"loc":{"start":{"line":270,"column":12},"end":{"line":274,"column":13}},"type":"if","locations":[{"start":{"line":270,"column":12},"end":{"line":274,"column":13}},{"start":{},"end":{}}],"line":270},"11":{"loc":{"start":{"line":292,"column":8},"end":{"line":296,"column":9}},"type":"if","locations":[{"start":{"line":292,"column":8},"end":{"line":296,"column":9}},{"start":{},"end":{}}],"line":292},"12":{"loc":{"start":{"line":292,"column":13},"end":{"line":292,"column":117}},"type":"binary-expr","locations":[{"start":{"line":292,"column":13},"end":{"line":292,"column":63}},{"start":{"line":292,"column":67},"end":{"line":292,"column":117}}],"line":292},"13":{"loc":{"start":{"line":297,"column":8},"end":{"line":300,"column":9}},"type":"if","locations":[{"start":{"line":297,"column":8},"end":{"line":300,"column":9}},{"start":{},"end":{}}],"line":297},"14":{"loc":{"start":{"line":297,"column":13},"end":{"line":297,"column":117}},"type":"binary-expr","locations":[{"start":{"line":297,"column":13},"end":{"line":297,"column":63}},{"start":{"line":297,"column":67},"end":{"line":297,"column":117}}],"line":297},"15":{"loc":{"start":{"line":303,"column":4},"end":{"line":305,"column":5}},"type":"if","locations":[{"start":{"line":303,"column":4},"end":{"line":305,"column":5}},{"start":{},"end":{}}],"line":303},"16":{"loc":{"start":{"line":303,"column":8},"end":{"line":303,"column":58}},"type":"binary-expr","locations":[{"start":{"line":303,"column":8},"end":{"line":303,"column":31}},{"start":{"line":303,"column":35},"end":{"line":303,"column":58}}],"line":303},"17":{"loc":{"start":{"line":307,"column":4},"end":{"line":355,"column":5}},"type":"if","locations":[{"start":{"line":307,"column":4},"end":{"line":355,"column":5}},{"start":{"line":353,"column":11},"end":{"line":355,"column":5}}],"line":307},"18":{"loc":{"start":{"line":307,"column":8},"end":{"line":307,"column":40}},"type":"binary-expr","locations":[{"start":{"line":307,"column":8},"end":{"line":307,"column":22}},{"start":{"line":307,"column":26},"end":{"line":307,"column":40}}],"line":307},"19":{"loc":{"start":{"line":309,"column":12},"end":{"line":311,"column":13}},"type":"if","locations":[{"start":{"line":309,"column":12},"end":{"line":311,"column":13}},{"start":{},"end":{}}],"line":309},"20":{"loc":{"start":{"line":312,"column":12},"end":{"line":314,"column":13}},"type":"if","locations":[{"start":{"line":312,"column":12},"end":{"line":314,"column":13}},{"start":{},"end":{}}],"line":312},"21":{"loc":{"start":{"line":320,"column":8},"end":{"line":324,"column":9}},"type":"if","locations":[{"start":{"line":320,"column":8},"end":{"line":324,"column":9}},{"start":{"line":322,"column":15},"end":{"line":324,"column":9}}],"line":320},"22":{"loc":{"start":{"line":326,"column":8},"end":{"line":346,"column":9}},"type":"if","locations":[{"start":{"line":326,"column":8},"end":{"line":346,"column":9}},{"start":{"line":335,"column":15},"end":{"line":346,"column":9}}],"line":326},"23":{"loc":{"start":{"line":327,"column":12},"end":{"line":332,"column":13}},"type":"if","locations":[{"start":{"line":327,"column":12},"end":{"line":332,"column":13}},{"start":{"line":330,"column":19},"end":{"line":332,"column":13}}],"line":327},"24":{"loc":{"start":{"line":337,"column":12},"end":{"line":343,"column":13}},"type":"if","locations":[{"start":{"line":337,"column":12},"end":{"line":343,"column":13}},{"start":{"line":340,"column":19},"end":{"line":343,"column":13}}],"line":337},"25":{"loc":{"start":{"line":361,"column":4},"end":{"line":363,"column":5}},"type":"if","locations":[{"start":{"line":361,"column":4},"end":{"line":363,"column":5}},{"start":{},"end":{}}],"line":361},"26":{"loc":{"start":{"line":392,"column":12},"end":{"line":396,"column":13}},"type":"if","locations":[{"start":{"line":392,"column":12},"end":{"line":396,"column":13}},{"start":{"line":394,"column":19},"end":{"line":396,"column":13}}],"line":392},"27":{"loc":{"start":{"line":394,"column":19},"end":{"line":396,"column":13}},"type":"if","locations":[{"start":{"line":394,"column":19},"end":{"line":396,"column":13}},{"start":{},"end":{}}],"line":394},"28":{"loc":{"start":{"line":432,"column":4},"end":{"line":439,"column":5}},"type":"if","locations":[{"start":{"line":432,"column":4},"end":{"line":439,"column":5}},{"start":{"line":435,"column":11},"end":{"line":439,"column":5}}],"line":432},"29":{"loc":{"start":{"line":432,"column":8},"end":{"line":432,"column":63}},"type":"binary-expr","locations":[{"start":{"line":432,"column":8},"end":{"line":432,"column":36}},{"start":{"line":432,"column":40},"end":{"line":432,"column":63}}],"line":432},"30":{"loc":{"start":{"line":435,"column":11},"end":{"line":439,"column":5}},"type":"if","locations":[{"start":{"line":435,"column":11},"end":{"line":439,"column":5}},{"start":{"line":437,"column":11},"end":{"line":439,"column":5}}],"line":435},"31":{"loc":{"start":{"line":437,"column":11},"end":{"line":439,"column":5}},"type":"if","locations":[{"start":{"line":437,"column":11},"end":{"line":439,"column":5}},{"start":{},"end":{}}],"line":437},"32":{"loc":{"start":{"line":445,"column":8},"end":{"line":447,"column":9}},"type":"if","locations":[{"start":{"line":445,"column":8},"end":{"line":447,"column":9}},{"start":{},"end":{}}],"line":445},"33":{"loc":{"start":{"line":449,"column":8},"end":{"line":451,"column":9}},"type":"if","locations":[{"start":{"line":449,"column":8},"end":{"line":451,"column":9}},{"start":{},"end":{}}],"line":449},"34":{"loc":{"start":{"line":457,"column":8},"end":{"line":462,"column":9}},"type":"if","locations":[{"start":{"line":457,"column":8},"end":{"line":462,"column":9}},{"start":{},"end":{}}],"line":457},"35":{"loc":{"start":{"line":457,"column":12},"end":{"line":457,"column":90}},"type":"binary-expr","locations":[{"start":{"line":457,"column":12},"end":{"line":457,"column":49}},{"start":{"line":457,"column":53},"end":{"line":457,"column":90}}],"line":457},"36":{"loc":{"start":{"line":485,"column":8},"end":{"line":493,"column":9}},"type":"if","locations":[{"start":{"line":485,"column":8},"end":{"line":493,"column":9}},{"start":{"line":491,"column":15},"end":{"line":493,"column":9}}],"line":485},"37":{"loc":{"start":{"line":486,"column":12},"end":{"line":490,"column":13}},"type":"if","locations":[{"start":{"line":486,"column":12},"end":{"line":490,"column":13}},{"start":{"line":488,"column":19},"end":{"line":490,"column":13}}],"line":486},"38":{"loc":{"start":{"line":503,"column":4},"end":{"line":577,"column":5}},"type":"if","locations":[{"start":{"line":503,"column":4},"end":{"line":577,"column":5}},{"start":{"line":574,"column":11},"end":{"line":577,"column":5}}],"line":503},"39":{"loc":{"start":{"line":515,"column":12},"end":{"line":569,"column":13}},"type":"if","locations":[{"start":{"line":515,"column":12},"end":{"line":569,"column":13}},{"start":{},"end":{}}],"line":515},"40":{"loc":{"start":{"line":518,"column":16},"end":{"line":522,"column":17}},"type":"if","locations":[{"start":{"line":518,"column":16},"end":{"line":522,"column":17}},{"start":{},"end":{}}],"line":518},"41":{"loc":{"start":{"line":524,"column":16},"end":{"line":567,"column":17}},"type":"if","locations":[{"start":{"line":524,"column":16},"end":{"line":567,"column":17}},{"start":{"line":554,"column":23},"end":{"line":567,"column":17}}],"line":524},"42":{"loc":{"start":{"line":530,"column":20},"end":{"line":550,"column":21}},"type":"if","locations":[{"start":{"line":530,"column":20},"end":{"line":550,"column":21}},{"start":{"line":534,"column":27},"end":{"line":550,"column":21}}],"line":530},"43":{"loc":{"start":{"line":534,"column":27},"end":{"line":550,"column":21}},"type":"if","locations":[{"start":{"line":534,"column":27},"end":{"line":550,"column":21}},{"start":{"line":537,"column":27},"end":{"line":550,"column":21}}],"line":534},"44":{"loc":{"start":{"line":537,"column":27},"end":{"line":550,"column":21}},"type":"if","locations":[{"start":{"line":537,"column":27},"end":{"line":550,"column":21}},{"start":{},"end":{}}],"line":537},"45":{"loc":{"start":{"line":537,"column":31},"end":{"line":537,"column":94}},"type":"binary-expr","locations":[{"start":{"line":537,"column":31},"end":{"line":537,"column":80}},{"start":{"line":537,"column":84},"end":{"line":537,"column":94}}],"line":537},"46":{"loc":{"start":{"line":541,"column":28},"end":{"line":543,"column":29}},"type":"if","locations":[{"start":{"line":541,"column":28},"end":{"line":543,"column":29}},{"start":{},"end":{}}],"line":541},"47":{"loc":{"start":{"line":558,"column":20},"end":{"line":564,"column":21}},"type":"if","locations":[{"start":{"line":558,"column":20},"end":{"line":564,"column":21}},{"start":{"line":561,"column":27},"end":{"line":564,"column":21}}],"line":558},"48":{"loc":{"start":{"line":561,"column":27},"end":{"line":564,"column":21}},"type":"if","locations":[{"start":{"line":561,"column":27},"end":{"line":564,"column":21}},{"start":{},"end":{}}],"line":561},"49":{"loc":{"start":{"line":584,"column":8},"end":{"line":586,"column":9}},"type":"if","locations":[{"start":{"line":584,"column":8},"end":{"line":586,"column":9}},{"start":{},"end":{}}],"line":584},"50":{"loc":{"start":{"line":587,"column":8},"end":{"line":589,"column":9}},"type":"if","locations":[{"start":{"line":587,"column":8},"end":{"line":589,"column":9}},{"start":{},"end":{}}],"line":587},"51":{"loc":{"start":{"line":592,"column":4},"end":{"line":596,"column":5}},"type":"if","locations":[{"start":{"line":592,"column":4},"end":{"line":596,"column":5}},{"start":{"line":594,"column":11},"end":{"line":596,"column":5}}],"line":592},"52":{"loc":{"start":{"line":601,"column":8},"end":{"line":609,"column":9}},"type":"if","locations":[{"start":{"line":601,"column":8},"end":{"line":609,"column":9}},{"start":{},"end":{}}],"line":601},"53":{"loc":{"start":{"line":601,"column":12},"end":{"line":601,"column":91}},"type":"binary-expr","locations":[{"start":{"line":601,"column":12},"end":{"line":601,"column":49}},{"start":{"line":601,"column":53},"end":{"line":601,"column":91}}],"line":601},"54":{"loc":{"start":{"line":602,"column":12},"end":{"line":604,"column":13}},"type":"if","locations":[{"start":{"line":602,"column":12},"end":{"line":604,"column":13}},{"start":{},"end":{}}],"line":602},"55":{"loc":{"start":{"line":606,"column":12},"end":{"line":608,"column":13}},"type":"if","locations":[{"start":{"line":606,"column":12},"end":{"line":608,"column":13}},{"start":{},"end":{}}],"line":606},"56":{"loc":{"start":{"line":626,"column":4},"end":{"line":639,"column":5}},"type":"switch","locations":[{"start":{"line":627,"column":8},"end":{"line":632,"column":18}},{"start":{"line":633,"column":8},"end":{"line":638,"column":18}}],"line":626},"57":{"loc":{"start":{"line":643,"column":4},"end":{"line":648,"column":5}},"type":"if","locations":[{"start":{"line":643,"column":4},"end":{"line":648,"column":5}},{"start":{},"end":{}}],"line":643},"58":{"loc":{"start":{"line":650,"column":4},"end":{"line":658,"column":5}},"type":"if","locations":[{"start":{"line":650,"column":4},"end":{"line":658,"column":5}},{"start":{},"end":{}}],"line":650},"59":{"loc":{"start":{"line":650,"column":8},"end":{"line":650,"column":31}},"type":"binary-expr","locations":[{"start":{"line":650,"column":8},"end":{"line":650,"column":19}},{"start":{"line":650,"column":24},"end":{"line":650,"column":30}}],"line":650}},"s":{"0":97,"1":97,"2":97,"3":97,"4":97,"5":97,"6":97,"7":97,"8":244,"9":244,"10":0,"11":0,"12":1,"13":0,"14":226,"15":0,"16":0,"17":6,"18":29,"19":29,"20":18,"21":18,"22":73,"23":70,"24":7,"25":7,"26":74,"27":38,"28":0,"29":1,"30":3,"31":3,"32":3,"33":3,"34":3,"35":3,"36":1,"37":1,"38":1,"39":1,"40":1,"41":1,"42":1,"43":1,"44":1,"45":1,"46":1,"47":0,"48":0,"49":0,"50":0,"51":0,"52":0,"53":0,"54":0,"55":0,"56":0,"57":0,"58":0,"59":0,"60":0,"61":0,"62":0,"63":0,"64":0,"65":0,"66":0,"67":0,"68":0,"69":0,"70":0,"71":0,"72":0,"73":0,"74":0,"75":0,"76":0,"77":0,"78":0,"79":0,"80":0,"81":0,"82":0,"83":0,"84":0,"85":0,"86":0,"87":0,"88":0,"89":0,"90":0,"91":0,"92":0,"93":0,"94":0,"95":0,"96":0,"97":0,"98":0,"99":0,"100":0,"101":0,"102":0,"103":0,"104":0,"105":0,"106":0,"107":0,"108":0,"109":0,"110":0,"111":0,"112":0,"113":0,"114":0,"115":0,"116":0,"117":0,"118":0,"119":0,"120":0,"121":7,"122":7,"123":7,"124":7,"125":7,"126":7,"127":7,"128":21,"129":0,"130":0,"131":21,"132":0,"133":0,"134":7,"135":6,"136":7,"137":6,"138":6,"139":48,"140":6,"141":48,"142":6,"143":6,"144":6,"145":0,"146":6,"147":6,"148":3,"149":3,"150":3,"151":0,"152":0,"153":0,"154":6,"155":6,"156":6,"157":1,"158":119,"159":72,"160":47,"161":47,"162":47,"163":47,"164":26,"165":26,"166":26,"167":54,"168":26,"169":26,"170":0,"171":0,"172":0,"173":0,"174":0,"175":0,"176":0,"177":0,"178":0,"179":0,"180":0,"181":0,"182":0,"183":0,"184":9,"185":9,"186":9,"187":9,"188":9,"189":9,"190":2,"191":2,"192":6,"193":2,"194":2,"195":0,"196":0,"197":2,"198":0,"199":2,"200":0,"201":2,"202":2,"203":2,"204":2,"205":2,"206":15,"207":15,"208":15,"209":15,"210":2,"211":2,"212":0,"213":0,"214":0,"215":2,"216":2,"217":2,"218":2,"219":2,"220":13,"221":13,"222":2,"223":2,"224":2,"225":0,"226":0,"227":0,"228":0,"229":0,"230":0,"231":0,"232":29,"233":29,"234":29,"235":29,"236":29,"237":29,"238":29,"239":232,"240":232,"241":232,"242":232,"243":29,"244":29,"245":25,"246":25,"247":25,"248":29,"249":15,"250":15,"251":15,"252":9,"253":9,"254":6,"255":6,"256":6,"257":0,"258":0,"259":0,"260":0,"261":0,"262":0,"263":0,"264":0,"265":15,"266":15,"267":14,"268":14,"269":14,"270":8,"271":8,"272":6,"273":6,"274":6,"275":14,"276":14,"277":29,"278":0,"279":0,"280":1,"281":1,"282":6,"283":0,"284":6,"285":1,"286":1,"287":1,"288":0,"289":1,"290":1,"291":1,"292":8,"293":3,"294":0,"295":3,"296":0,"297":1,"298":1,"299":0,"300":0,"301":0,"302":0,"303":0,"304":0,"305":0,"306":0,"307":0,"308":0,"309":0,"310":0,"311":0,"312":0,"313":0,"314":0,"315":0,"316":0,"317":0,"318":0,"319":0,"320":0,"321":0,"322":0,"323":0,"324":0},"f":{"0":97,"1":244,"2":244,"3":0,"4":0,"5":1,"6":0,"7":226,"8":0,"9":0,"10":6,"11":29,"12":29,"13":18,"14":18,"15":73,"16":70,"17":7,"18":74,"19":38,"20":0,"21":1,"22":3,"23":1,"24":0,"25":0,"26":0,"27":0,"28":0,"29":0,"30":0,"31":0,"32":0,"33":0,"34":7,"35":119,"36":26,"37":0,"38":9,"39":2,"40":2,"41":13,"42":0,"43":29,"44":1,"45":0,"46":0,"47":0},"b":{"0":[0,0],"1":[0,0],"2":[0,0],"3":[0,0],"4":[0,0],"5":[0,0],"6":[0,0],"7":[0,0],"8":[0,0],"9":[0,0],"10":[0,0],"11":[0,21],"12":[21,3],"13":[0,21],"14":[21,5],"15":[6,1],"16":[7,7],"17":[6,1],"18":[7,6],"19":[6,42],"20":[6,42],"21":[6,0],"22":[6,0],"23":[3,3],"24":[0,0],"25":[72,47],"26":[0,0],"27":[0,0],"28":[0,2],"29":[2,0],"30":[0,2],"31":[0,2],"32":[15,0],"33":[15,0],"34":[0,0],"35":[0,0],"36":[0,0],"37":[0,0],"38":[29,0],"39":[29,203],"40":[25,4],"41":[15,14],"42":[9,6],"43":[6,0],"44":[0,0],"45":[0,0],"46":[0,0],"47":[8,6],"48":[6,0],"49":[0,6],"50":[1,5],"51":[1,0],"52":[3,5],"53":[8,5],"54":[0,3],"55":[0,3],"56":[0,0],"57":[0,0],"58":[0,0],"59":[0,0]},"_coverageSchema":"1a1c01bbd47fc00a2c39e90264f33305004495a9","hash":"36a163305829f90514a787bf00770cbe212188c0"}
}
