{"C:\\Users\\Acer\\Documents\\GitHub\\moodle_plugin\\Nodes.js": {"path":"C:\\Users\\Acer\\Documents\\GitHub\\moodle_plugin\\Nodes.js","statementMap":{"0":{"start":{"line":4,"column":8},"end":{"line":4,"column":19}},"1":{"start":{"line":5,"column":8},"end":{"line":5,"column":19}},"2":{"start":{"line":6,"column":8},"end":{"line":6,"column":39}},"3":{"start":{"line":7,"column":8},"end":{"line":7,"column":35}},"4":{"start":{"line":8,"column":8},"end":{"line":8,"column":28}},"5":{"start":{"line":9,"column":8},"end":{"line":9,"column":33}},"6":{"start":{"line":10,"column":8},"end":{"line":10,"column":23}},"7":{"start":{"line":11,"column":8},"end":{"line":11,"column":23}},"8":{"start":{"line":17,"column":8},"end":{"line":17,"column":22}},"9":{"start":{"line":22,"column":8},"end":{"line":22,"column":22}},"10":{"start":{"line":28,"column":8},"end":{"line":28,"column":22}},"11":{"start":{"line":33,"column":8},"end":{"line":33,"column":23}},"12":{"start":{"line":38,"column":8},"end":{"line":38,"column":34}},"13":{"start":{"line":42,"column":8},"end":{"line":42,"column":27}},"14":{"start":{"line":46,"column":8},"end":{"line":46,"column":32}},"15":{"start":{"line":50,"column":8},"end":{"line":50,"column":27}},"16":{"start":{"line":54,"column":8},"end":{"line":54,"column":30}},"17":{"start":{"line":58,"column":8},"end":{"line":58,"column":33}},"18":{"start":{"line":62,"column":8},"end":{"line":62,"column":32}},"19":{"start":{"line":66,"column":8},"end":{"line":66,"column":36}},"20":{"start":{"line":69,"column":8},"end":{"line":69,"column":29}},"21":{"start":{"line":72,"column":8},"end":{"line":72,"column":30}},"22":{"start":{"line":75,"column":8},"end":{"line":75,"column":23}},"23":{"start":{"line":78,"column":8},"end":{"line":78,"column":23}},"24":{"start":{"line":90,"column":8},"end":{"line":90,"column":29}},"25":{"start":{"line":91,"column":8},"end":{"line":91,"column":29}},"26":{"start":{"line":95,"column":8},"end":{"line":95,"column":27}},"27":{"start":{"line":100,"column":8},"end":{"line":100,"column":27}},"28":{"start":{"line":104,"column":8},"end":{"line":104,"column":25}},"29":{"start":{"line":109,"column":8},"end":{"line":109,"column":25}},"30":{"start":{"line":118,"column":8},"end":{"line":118,"column":24}},"31":{"start":{"line":119,"column":8},"end":{"line":119,"column":35}},"32":{"start":{"line":120,"column":8},"end":{"line":120,"column":33}},"33":{"start":{"line":121,"column":8},"end":{"line":121,"column":21}},"34":{"start":{"line":122,"column":8},"end":{"line":122,"column":21}},"35":{"start":{"line":123,"column":8},"end":{"line":123,"column":39}},"36":{"start":{"line":130,"column":38},"end":{"line":130,"column":43}},"37":{"start":{"line":131,"column":8},"end":{"line":131,"column":9}},"38":{"start":{"line":133,"column":0},"end":{"line":133,"column":26}},"39":{"start":{"line":134,"column":18},"end":{"line":134,"column":29}},"40":{"start":{"line":135,"column":14},"end":{"line":135,"column":25}},"41":{"start":{"line":136,"column":16},"end":{"line":136,"column":41}},"42":{"start":{"line":137,"column":17},"end":{"line":137,"column":22}},"43":{"start":{"line":138,"column":23},"end":{"line":138,"column":31}},"44":{"start":{"line":139,"column":0},"end":{"line":139,"column":28}},"45":{"start":{"line":141,"column":12},"end":{"line":141,"column":13}},"46":{"start":{"line":146,"column":4},"end":{"line":146,"column":17}},"47":{"start":{"line":150,"column":19},"end":{"line":150,"column":24}},"48":{"start":{"line":155,"column":8},"end":{"line":157,"column":9}},"49":{"start":{"line":156,"column":12},"end":{"line":156,"column":19}},"50":{"start":{"line":158,"column":8},"end":{"line":160,"column":9}},"51":{"start":{"line":159,"column":12},"end":{"line":159,"column":19}},"52":{"start":{"line":163,"column":16},"end":{"line":163,"column":46}},"53":{"start":{"line":164,"column":8},"end":{"line":164,"column":45}},"54":{"start":{"line":165,"column":8},"end":{"line":165,"column":44}},"55":{"start":{"line":167,"column":8},"end":{"line":170,"column":9}},"56":{"start":{"line":168,"column":12},"end":{"line":168,"column":19}},"57":{"start":{"line":171,"column":8},"end":{"line":171,"column":24}},"58":{"start":{"line":172,"column":8},"end":{"line":172,"column":44}},"59":{"start":{"line":173,"column":8},"end":{"line":173,"column":62}},"60":{"start":{"line":174,"column":8},"end":{"line":174,"column":23}},"61":{"start":{"line":175,"column":8},"end":{"line":175,"column":23}},"62":{"start":{"line":177,"column":8},"end":{"line":177,"column":63}},"63":{"start":{"line":179,"column":8},"end":{"line":184,"column":9}},"64":{"start":{"line":180,"column":12},"end":{"line":180,"column":24}},"65":{"start":{"line":183,"column":12},"end":{"line":183,"column":25}},"66":{"start":{"line":185,"column":8},"end":{"line":190,"column":9}},"67":{"start":{"line":186,"column":12},"end":{"line":186,"column":31}},"68":{"start":{"line":187,"column":12},"end":{"line":187,"column":31}},"69":{"start":{"line":188,"column":12},"end":{"line":188,"column":71}},"70":{"start":{"line":189,"column":12},"end":{"line":189,"column":67}},"71":{"start":{"line":195,"column":8},"end":{"line":197,"column":9}},"72":{"start":{"line":196,"column":12},"end":{"line":196,"column":19}},"73":{"start":{"line":199,"column":16},"end":{"line":199,"column":46}},"74":{"start":{"line":200,"column":8},"end":{"line":200,"column":45}},"75":{"start":{"line":201,"column":8},"end":{"line":201,"column":44}},"76":{"start":{"line":202,"column":8},"end":{"line":214,"column":9}},"77":{"start":{"line":203,"column":12},"end":{"line":203,"column":19}},"78":{"start":{"line":205,"column":12},"end":{"line":205,"column":66}},"79":{"start":{"line":206,"column":24},"end":{"line":206,"column":44}},"80":{"start":{"line":207,"column":24},"end":{"line":207,"column":44}},"81":{"start":{"line":208,"column":12},"end":{"line":208,"column":34}},"82":{"start":{"line":209,"column":12},"end":{"line":209,"column":34}},"83":{"start":{"line":210,"column":25},"end":{"line":210,"column":34}},"84":{"start":{"line":211,"column":25},"end":{"line":211,"column":34}},"85":{"start":{"line":212,"column":12},"end":{"line":212,"column":59}},"86":{"start":{"line":213,"column":12},"end":{"line":213,"column":39}},"87":{"start":{"line":216,"column":8},"end":{"line":216,"column":23}},"88":{"start":{"line":217,"column":8},"end":{"line":217,"column":23}},"89":{"start":{"line":221,"column":8},"end":{"line":221,"column":18}},"90":{"start":{"line":222,"column":8},"end":{"line":222,"column":18}},"91":{"start":{"line":229,"column":8},"end":{"line":234,"column":9}},"92":{"start":{"line":232,"column":12},"end":{"line":232,"column":19}},"93":{"start":{"line":235,"column":8},"end":{"line":235,"column":25}},"94":{"start":{"line":236,"column":8},"end":{"line":236,"column":62}},"95":{"start":{"line":237,"column":8},"end":{"line":237,"column":23}},"96":{"start":{"line":238,"column":8},"end":{"line":238,"column":23}},"97":{"start":{"line":240,"column":8},"end":{"line":240,"column":70}},"98":{"start":{"line":241,"column":8},"end":{"line":241,"column":68}},"99":{"start":{"line":244,"column":4},"end":{"line":244,"column":61}},"100":{"start":{"line":249,"column":4},"end":{"line":254,"column":5}},"101":{"start":{"line":250,"column":8},"end":{"line":250,"column":25}},"102":{"start":{"line":251,"column":8},"end":{"line":251,"column":28}},"103":{"start":{"line":252,"column":8},"end":{"line":252,"column":28}},"104":{"start":{"line":253,"column":8},"end":{"line":253,"column":22}},"105":{"start":{"line":255,"column":4},"end":{"line":259,"column":5}},"106":{"start":{"line":256,"column":8},"end":{"line":256,"column":25}},"107":{"start":{"line":257,"column":8},"end":{"line":257,"column":49}},"108":{"start":{"line":258,"column":8},"end":{"line":258,"column":20}},"109":{"start":{"line":260,"column":4},"end":{"line":264,"column":5}},"110":{"start":{"line":261,"column":8},"end":{"line":261,"column":25}},"111":{"start":{"line":262,"column":8},"end":{"line":262,"column":54}},"112":{"start":{"line":263,"column":8},"end":{"line":263,"column":22}},"113":{"start":{"line":268,"column":4},"end":{"line":268,"column":20}},"114":{"start":{"line":269,"column":4},"end":{"line":269,"column":33}},"115":{"start":{"line":270,"column":4},"end":{"line":270,"column":33}},"116":{"start":{"line":271,"column":4},"end":{"line":271,"column":54}},"117":{"start":{"line":272,"column":4},"end":{"line":272,"column":56}},"118":{"start":{"line":273,"column":4},"end":{"line":273,"column":23}},"119":{"start":{"line":276,"column":4},"end":{"line":276,"column":20}},"120":{"start":{"line":277,"column":4},"end":{"line":277,"column":33}},"121":{"start":{"line":278,"column":4},"end":{"line":278,"column":33}},"122":{"start":{"line":279,"column":4},"end":{"line":279,"column":77}},"123":{"start":{"line":280,"column":4},"end":{"line":280,"column":23}},"124":{"start":{"line":286,"column":4},"end":{"line":296,"column":5}},"125":{"start":{"line":286,"column":17},"end":{"line":286,"column":18}},"126":{"start":{"line":288,"column":8},"end":{"line":295,"column":9}},"127":{"start":{"line":288,"column":21},"end":{"line":288,"column":22}},"128":{"start":{"line":289,"column":12},"end":{"line":293,"column":13}},"129":{"start":{"line":290,"column":16},"end":{"line":290,"column":43}},"130":{"start":{"line":291,"column":16},"end":{"line":291,"column":70}},"131":{"start":{"line":292,"column":16},"end":{"line":292,"column":70}},"132":{"start":{"line":301,"column":17},"end":{"line":301,"column":22}},"133":{"start":{"line":303,"column":4},"end":{"line":303,"column":80}},"134":{"start":{"line":307,"column":19},"end":{"line":307,"column":65}},"135":{"start":{"line":308,"column":16},"end":{"line":308,"column":21}},"136":{"start":{"line":309,"column":16},"end":{"line":309,"column":20}},"137":{"start":{"line":310,"column":4},"end":{"line":320,"column":5}},"138":{"start":{"line":310,"column":17},"end":{"line":310,"column":18}},"139":{"start":{"line":311,"column":8},"end":{"line":315,"column":9}},"140":{"start":{"line":313,"column":12},"end":{"line":313,"column":72}},"141":{"start":{"line":314,"column":12},"end":{"line":314,"column":25}},"142":{"start":{"line":316,"column":8},"end":{"line":319,"column":9}},"143":{"start":{"line":317,"column":12},"end":{"line":317,"column":72}},"144":{"start":{"line":318,"column":12},"end":{"line":318,"column":25}},"145":{"start":{"line":322,"column":4},"end":{"line":324,"column":5}},"146":{"start":{"line":323,"column":8},"end":{"line":323,"column":22}},"147":{"start":{"line":326,"column":4},"end":{"line":374,"column":5}},"148":{"start":{"line":327,"column":8},"end":{"line":335,"column":9}},"149":{"start":{"line":327,"column":21},"end":{"line":327,"column":22}},"150":{"start":{"line":328,"column":12},"end":{"line":330,"column":13}},"151":{"start":{"line":329,"column":29},"end":{"line":329,"column":43}},"152":{"start":{"line":331,"column":12},"end":{"line":333,"column":13}},"153":{"start":{"line":332,"column":29},"end":{"line":332,"column":43}},"154":{"start":{"line":339,"column":8},"end":{"line":343,"column":9}},"155":{"start":{"line":340,"column":12},"end":{"line":340,"column":23}},"156":{"start":{"line":342,"column":12},"end":{"line":342,"column":23}},"157":{"start":{"line":345,"column":8},"end":{"line":365,"column":9}},"158":{"start":{"line":346,"column":12},"end":{"line":351,"column":13}},"159":{"start":{"line":347,"column":32},"end":{"line":347,"column":102}},"160":{"start":{"line":348,"column":16},"end":{"line":348,"column":45}},"161":{"start":{"line":350,"column":16},"end":{"line":350,"column":44}},"162":{"start":{"line":356,"column":12},"end":{"line":362,"column":13}},"163":{"start":{"line":357,"column":16},"end":{"line":357,"column":45}},"164":{"start":{"line":361,"column":16},"end":{"line":361,"column":44}},"165":{"start":{"line":369,"column":8},"end":{"line":369,"column":35}},"166":{"start":{"line":370,"column":8},"end":{"line":370,"column":48}},"167":{"start":{"line":371,"column":8},"end":{"line":371,"column":39}},"168":{"start":{"line":373,"column":8},"end":{"line":373,"column":80}},"169":{"start":{"line":380,"column":4},"end":{"line":382,"column":5}},"170":{"start":{"line":381,"column":8},"end":{"line":381,"column":15}},"171":{"start":{"line":383,"column":4},"end":{"line":383,"column":23}},"172":{"start":{"line":384,"column":4},"end":{"line":384,"column":43}},"173":{"start":{"line":385,"column":4},"end":{"line":385,"column":44}},"174":{"start":{"line":387,"column":4},"end":{"line":387,"column":30}},"175":{"start":{"line":391,"column":4},"end":{"line":391,"column":27}},"176":{"start":{"line":393,"column":4},"end":{"line":397,"column":5}},"177":{"start":{"line":393,"column":17},"end":{"line":393,"column":18}},"178":{"start":{"line":395,"column":8},"end":{"line":395,"column":47}},"179":{"start":{"line":398,"column":4},"end":{"line":398,"column":26}},"180":{"start":{"line":400,"column":4},"end":{"line":400,"column":20}},"181":{"start":{"line":404,"column":4},"end":{"line":420,"column":5}},"182":{"start":{"line":404,"column":17},"end":{"line":404,"column":18}},"183":{"start":{"line":405,"column":20},"end":{"line":405,"column":46}},"184":{"start":{"line":406,"column":20},"end":{"line":406,"column":46}},"185":{"start":{"line":409,"column":8},"end":{"line":415,"column":9}},"186":{"start":{"line":409,"column":21},"end":{"line":409,"column":22}},"187":{"start":{"line":410,"column":12},"end":{"line":414,"column":13}},"188":{"start":{"line":411,"column":16},"end":{"line":411,"column":40}},"189":{"start":{"line":412,"column":19},"end":{"line":414,"column":13}},"190":{"start":{"line":413,"column":16},"end":{"line":413,"column":40}},"191":{"start":{"line":416,"column":8},"end":{"line":416,"column":24}},"192":{"start":{"line":417,"column":8},"end":{"line":417,"column":39}},"193":{"start":{"line":418,"column":8},"end":{"line":418,"column":88}},"194":{"start":{"line":419,"column":8},"end":{"line":419,"column":27}},"195":{"start":{"line":426,"column":4},"end":{"line":426,"column":8}},"196":{"start":{"line":427,"column":19},"end":{"line":427,"column":47}},"197":{"start":{"line":429,"column":4},"end":{"line":429,"column":31}},"198":{"start":{"line":430,"column":34},"end":{"line":430,"column":48}},"199":{"start":{"line":431,"column":4},"end":{"line":431,"column":54}},"200":{"start":{"line":432,"column":4},"end":{"line":432,"column":33}},"201":{"start":{"line":440,"column":4},"end":{"line":442,"column":5}},"202":{"start":{"line":440,"column":17},"end":{"line":440,"column":23}},"203":{"start":{"line":441,"column":8},"end":{"line":441,"column":38}},"204":{"start":{"line":443,"column":4},"end":{"line":443,"column":23}},"205":{"start":{"line":450,"column":4},"end":{"line":457,"column":5}},"206":{"start":{"line":451,"column":8},"end":{"line":451,"column":46}},"207":{"start":{"line":452,"column":8},"end":{"line":452,"column":31}},"208":{"start":{"line":453,"column":11},"end":{"line":457,"column":5}},"209":{"start":{"line":454,"column":8},"end":{"line":454,"column":46}},"210":{"start":{"line":455,"column":11},"end":{"line":457,"column":5}},"211":{"start":{"line":456,"column":8},"end":{"line":456,"column":31}},"212":{"start":{"line":458,"column":4},"end":{"line":458,"column":46}},"213":{"start":{"line":460,"column":4},"end":{"line":460,"column":12}},"214":{"start":{"line":461,"column":4},"end":{"line":461,"column":54}},"215":{"start":{"line":462,"column":4},"end":{"line":471,"column":5}},"216":{"start":{"line":462,"column":17},"end":{"line":462,"column":18}},"217":{"start":{"line":463,"column":8},"end":{"line":465,"column":9}},"218":{"start":{"line":464,"column":12},"end":{"line":464,"column":46}},"219":{"start":{"line":467,"column":8},"end":{"line":469,"column":9}},"220":{"start":{"line":468,"column":12},"end":{"line":468,"column":47}},"221":{"start":{"line":474,"column":4},"end":{"line":481,"column":5}},"222":{"start":{"line":474,"column":17},"end":{"line":474,"column":18}},"223":{"start":{"line":475,"column":8},"end":{"line":480,"column":9}},"224":{"start":{"line":477,"column":12},"end":{"line":477,"column":37}},"225":{"start":{"line":478,"column":12},"end":{"line":478,"column":16}},"226":{"start":{"line":482,"column":34},"end":{"line":482,"column":55}},"227":{"start":{"line":484,"column":4},"end":{"line":484,"column":36}},"228":{"start":{"line":485,"column":4},"end":{"line":485,"column":23}},"229":{"start":{"line":486,"column":4},"end":{"line":486,"column":36}},"230":{"start":{"line":488,"column":4},"end":{"line":491,"column":6}},"231":{"start":{"line":489,"column":38},"end":{"line":489,"column":42}},"232":{"start":{"line":490,"column":8},"end":{"line":490,"column":43}},"233":{"start":{"line":493,"column":4},"end":{"line":493,"column":8}},"234":{"start":{"line":495,"column":4},"end":{"line":495,"column":46}},"235":{"start":{"line":496,"column":4},"end":{"line":496,"column":33}},"236":{"start":{"line":501,"column":4},"end":{"line":513,"column":5}},"237":{"start":{"line":501,"column":17},"end":{"line":501,"column":18}},"238":{"start":{"line":503,"column":8},"end":{"line":511,"column":9}},"239":{"start":{"line":504,"column":12},"end":{"line":508,"column":13}},"240":{"start":{"line":505,"column":16},"end":{"line":505,"column":51}},"241":{"start":{"line":507,"column":16},"end":{"line":507,"column":52}},"242":{"start":{"line":510,"column":12},"end":{"line":510,"column":49}},"243":{"start":{"line":520,"column":4},"end":{"line":520,"column":46}},"244":{"start":{"line":521,"column":4},"end":{"line":595,"column":5}},"245":{"start":{"line":524,"column":28},"end":{"line":524,"column":50}},"246":{"start":{"line":525,"column":25},"end":{"line":525,"column":49}},"247":{"start":{"line":526,"column":24},"end":{"line":526,"column":25}},"248":{"start":{"line":527,"column":8},"end":{"line":588,"column":9}},"249":{"start":{"line":527,"column":21},"end":{"line":527,"column":22}},"250":{"start":{"line":528,"column":12},"end":{"line":528,"column":44}},"251":{"start":{"line":529,"column":12},"end":{"line":529,"column":44}},"252":{"start":{"line":530,"column":12},"end":{"line":530,"column":105}},"253":{"start":{"line":533,"column":12},"end":{"line":587,"column":13}},"254":{"start":{"line":534,"column":16},"end":{"line":534,"column":47}},"255":{"start":{"line":536,"column":16},"end":{"line":540,"column":17}},"256":{"start":{"line":537,"column":20},"end":{"line":537,"column":42}},"257":{"start":{"line":538,"column":20},"end":{"line":538,"column":66}},"258":{"start":{"line":539,"column":20},"end":{"line":539,"column":35}},"259":{"start":{"line":542,"column":16},"end":{"line":585,"column":17}},"260":{"start":{"line":545,"column":20},"end":{"line":545,"column":56}},"261":{"start":{"line":546,"column":20},"end":{"line":546,"column":92}},"262":{"start":{"line":548,"column":20},"end":{"line":568,"column":21}},"263":{"start":{"line":549,"column":24},"end":{"line":549,"column":72}},"264":{"start":{"line":550,"column":24},"end":{"line":550,"column":32}},"265":{"start":{"line":552,"column":27},"end":{"line":568,"column":21}},"266":{"start":{"line":553,"column":24},"end":{"line":553,"column":72}},"267":{"start":{"line":554,"column":24},"end":{"line":554,"column":32}},"268":{"start":{"line":555,"column":27},"end":{"line":568,"column":21}},"269":{"start":{"line":558,"column":24},"end":{"line":564,"column":25}},"270":{"start":{"line":558,"column":37},"end":{"line":558,"column":38}},"271":{"start":{"line":559,"column":28},"end":{"line":561,"column":29}},"272":{"start":{"line":560,"column":48},"end":{"line":560,"column":49}},"273":{"start":{"line":565,"column":24},"end":{"line":565,"column":69}},"274":{"start":{"line":566,"column":24},"end":{"line":566,"column":62}},"275":{"start":{"line":567,"column":24},"end":{"line":567,"column":72}},"276":{"start":{"line":569,"column":20},"end":{"line":569,"column":72}},"277":{"start":{"line":570,"column":20},"end":{"line":570,"column":72}},"278":{"start":{"line":574,"column":20},"end":{"line":574,"column":80}},"279":{"start":{"line":575,"column":20},"end":{"line":575,"column":57}},"280":{"start":{"line":576,"column":20},"end":{"line":582,"column":21}},"281":{"start":{"line":577,"column":24},"end":{"line":577,"column":47}},"282":{"start":{"line":578,"column":24},"end":{"line":578,"column":32}},"283":{"start":{"line":579,"column":27},"end":{"line":582,"column":21}},"284":{"start":{"line":580,"column":24},"end":{"line":580,"column":47}},"285":{"start":{"line":581,"column":24},"end":{"line":581,"column":32}},"286":{"start":{"line":583,"column":20},"end":{"line":583,"column":72}},"287":{"start":{"line":584,"column":20},"end":{"line":584,"column":71}},"288":{"start":{"line":590,"column":8},"end":{"line":590,"column":29}},"289":{"start":{"line":593,"column":8},"end":{"line":593,"column":27}},"290":{"start":{"line":594,"column":8},"end":{"line":594,"column":26}},"291":{"start":{"line":601,"column":4},"end":{"line":608,"column":5}},"292":{"start":{"line":601,"column":17},"end":{"line":601,"column":18}},"293":{"start":{"line":602,"column":8},"end":{"line":604,"column":9}},"294":{"start":{"line":603,"column":12},"end":{"line":603,"column":42}},"295":{"start":{"line":605,"column":8},"end":{"line":607,"column":9}},"296":{"start":{"line":606,"column":12},"end":{"line":606,"column":42}},"297":{"start":{"line":610,"column":4},"end":{"line":614,"column":5}},"298":{"start":{"line":611,"column":8},"end":{"line":611,"column":32}},"299":{"start":{"line":613,"column":8},"end":{"line":613,"column":32}},"300":{"start":{"line":616,"column":4},"end":{"line":616,"column":42}},"301":{"start":{"line":618,"column":4},"end":{"line":629,"column":5}},"302":{"start":{"line":618,"column":17},"end":{"line":618,"column":18}},"303":{"start":{"line":619,"column":8},"end":{"line":627,"column":9}},"304":{"start":{"line":620,"column":12},"end":{"line":622,"column":13}},"305":{"start":{"line":621,"column":16},"end":{"line":621,"column":62}},"306":{"start":{"line":624,"column":12},"end":{"line":626,"column":13}},"307":{"start":{"line":625,"column":16},"end":{"line":625,"column":63}},"308":{"start":{"line":631,"column":4},"end":{"line":631,"column":17}},"309":{"start":{"line":635,"column":0},"end":{"line":635,"column":96}},"310":{"start":{"line":637,"column":16},"end":{"line":637,"column":56}},"311":{"start":{"line":638,"column":4},"end":{"line":638,"column":15}},"312":{"start":{"line":641,"column":4},"end":{"line":641,"column":32}},"313":{"start":{"line":642,"column":4},"end":{"line":655,"column":5}},"314":{"start":{"line":644,"column":12},"end":{"line":644,"column":28}},"315":{"start":{"line":645,"column":12},"end":{"line":645,"column":30}},"316":{"start":{"line":646,"column":12},"end":{"line":646,"column":32}},"317":{"start":{"line":647,"column":12},"end":{"line":647,"column":33}},"318":{"start":{"line":648,"column":12},"end":{"line":648,"column":18}},"319":{"start":{"line":650,"column":12},"end":{"line":650,"column":29}},"320":{"start":{"line":651,"column":12},"end":{"line":651,"column":30}},"321":{"start":{"line":652,"column":12},"end":{"line":652,"column":31}},"322":{"start":{"line":653,"column":12},"end":{"line":653,"column":33}},"323":{"start":{"line":654,"column":12},"end":{"line":654,"column":18}},"324":{"start":{"line":659,"column":4},"end":{"line":664,"column":5}},"325":{"start":{"line":660,"column":8},"end":{"line":660,"column":23}},"326":{"start":{"line":661,"column":8},"end":{"line":661,"column":27}},"327":{"start":{"line":662,"column":8},"end":{"line":662,"column":23}},"328":{"start":{"line":663,"column":8},"end":{"line":663,"column":51}},"329":{"start":{"line":666,"column":4},"end":{"line":674,"column":5}},"330":{"start":{"line":668,"column":8},"end":{"line":668,"column":42}},"331":{"start":{"line":669,"column":8},"end":{"line":669,"column":45}},"332":{"start":{"line":670,"column":8},"end":{"line":670,"column":33}},"333":{"start":{"line":671,"column":8},"end":{"line":671,"column":62}},"334":{"start":{"line":672,"column":8},"end":{"line":672,"column":23}},"335":{"start":{"line":673,"column":8},"end":{"line":673,"column":23}},"336":{"start":{"line":676,"column":4},"end":{"line":678,"column":5}},"337":{"start":{"line":684,"column":4},"end":{"line":684,"column":47}},"338":{"start":{"line":685,"column":4},"end":{"line":685,"column":39}},"339":{"start":{"line":686,"column":4},"end":{"line":694,"column":5}},"340":{"start":{"line":687,"column":8},"end":{"line":687,"column":51}},"341":{"start":{"line":688,"column":8},"end":{"line":688,"column":43}},"342":{"start":{"line":690,"column":8},"end":{"line":692,"column":65}},"343":{"start":{"line":693,"column":8},"end":{"line":693,"column":15}},"344":{"start":{"line":695,"column":4},"end":{"line":695,"column":39}},"345":{"start":{"line":696,"column":4},"end":{"line":696,"column":26}},"346":{"start":{"line":697,"column":4},"end":{"line":697,"column":33}},"347":{"start":{"line":698,"column":4},"end":{"line":698,"column":57}},"348":{"start":{"line":699,"column":4},"end":{"line":699,"column":85}},"349":{"start":{"line":700,"column":4},"end":{"line":700,"column":88}}},"fnMap":{"0":{"name":"(anonymous_0)","decl":{"start":{"line":3,"column":4},"end":{"line":3,"column":5}},"loc":{"start":{"line":3,"column":46},"end":{"line":12,"column":5}},"line":3},"1":{"name":"(anonymous_1)","decl":{"start":{"line":15,"column":4},"end":{"line":15,"column":5}},"loc":{"start":{"line":15,"column":11},"end":{"line":19,"column":5}},"line":15},"2":{"name":"(anonymous_2)","decl":{"start":{"line":20,"column":4},"end":{"line":20,"column":5}},"loc":{"start":{"line":20,"column":11},"end":{"line":24,"column":5}},"line":20},"3":{"name":"(anonymous_3)","decl":{"start":{"line":26,"column":4},"end":{"line":26,"column":5}},"loc":{"start":{"line":26,"column":16},"end":{"line":30,"column":5}},"line":26},"4":{"name":"(anonymous_4)","decl":{"start":{"line":31,"column":4},"end":{"line":31,"column":5}},"loc":{"start":{"line":31,"column":16},"end":{"line":35,"column":5}},"line":31},"5":{"name":"(anonymous_5)","decl":{"start":{"line":37,"column":4},"end":{"line":37,"column":5}},"loc":{"start":{"line":37,"column":23},"end":{"line":39,"column":5}},"line":37},"6":{"name":"(anonymous_6)","decl":{"start":{"line":41,"column":4},"end":{"line":41,"column":5}},"loc":{"start":{"line":41,"column":18},"end":{"line":43,"column":5}},"line":41},"7":{"name":"(anonymous_7)","decl":{"start":{"line":45,"column":4},"end":{"line":45,"column":5}},"loc":{"start":{"line":45,"column":17},"end":{"line":47,"column":5}},"line":45},"8":{"name":"(anonymous_8)","decl":{"start":{"line":49,"column":4},"end":{"line":49,"column":5}},"loc":{"start":{"line":49,"column":14},"end":{"line":51,"column":5}},"line":49},"9":{"name":"(anonymous_9)","decl":{"start":{"line":53,"column":4},"end":{"line":53,"column":5}},"loc":{"start":{"line":53,"column":18},"end":{"line":55,"column":5}},"line":53},"10":{"name":"(anonymous_10)","decl":{"start":{"line":57,"column":4},"end":{"line":57,"column":5}},"loc":{"start":{"line":57,"column":25},"end":{"line":59,"column":5}},"line":57},"11":{"name":"(anonymous_11)","decl":{"start":{"line":60,"column":4},"end":{"line":60,"column":5}},"loc":{"start":{"line":60,"column":21},"end":{"line":63,"column":5}},"line":60},"12":{"name":"(anonymous_12)","decl":{"start":{"line":64,"column":4},"end":{"line":64,"column":5}},"loc":{"start":{"line":64,"column":29},"end":{"line":67,"column":5}},"line":64},"13":{"name":"(anonymous_13)","decl":{"start":{"line":68,"column":4},"end":{"line":68,"column":5}},"loc":{"start":{"line":68,"column":29},"end":{"line":70,"column":5}},"line":68},"14":{"name":"(anonymous_14)","decl":{"start":{"line":71,"column":4},"end":{"line":71,"column":5}},"loc":{"start":{"line":71,"column":31},"end":{"line":73,"column":5}},"line":71},"15":{"name":"(anonymous_15)","decl":{"start":{"line":74,"column":4},"end":{"line":74,"column":5}},"loc":{"start":{"line":74,"column":19},"end":{"line":76,"column":5}},"line":74},"16":{"name":"(anonymous_16)","decl":{"start":{"line":77,"column":4},"end":{"line":77,"column":5}},"loc":{"start":{"line":77,"column":20},"end":{"line":79,"column":5}},"line":77},"17":{"name":"(anonymous_17)","decl":{"start":{"line":89,"column":4},"end":{"line":89,"column":5}},"loc":{"start":{"line":89,"column":32},"end":{"line":92,"column":5}},"line":89},"18":{"name":"(anonymous_18)","decl":{"start":{"line":94,"column":4},"end":{"line":94,"column":5}},"loc":{"start":{"line":94,"column":16},"end":{"line":97,"column":5}},"line":94},"19":{"name":"(anonymous_19)","decl":{"start":{"line":99,"column":4},"end":{"line":99,"column":5}},"loc":{"start":{"line":99,"column":16},"end":{"line":102,"column":5}},"line":99},"20":{"name":"(anonymous_20)","decl":{"start":{"line":103,"column":4},"end":{"line":103,"column":5}},"loc":{"start":{"line":103,"column":18},"end":{"line":106,"column":5}},"line":103},"21":{"name":"(anonymous_21)","decl":{"start":{"line":108,"column":4},"end":{"line":108,"column":5}},"loc":{"start":{"line":108,"column":18},"end":{"line":111,"column":5}},"line":108},"22":{"name":"(anonymous_22)","decl":{"start":{"line":117,"column":4},"end":{"line":117,"column":5}},"loc":{"start":{"line":117,"column":64},"end":{"line":124,"column":5}},"line":117},"23":{"name":"sum","decl":{"start":{"line":145,"column":9},"end":{"line":145,"column":12}},"loc":{"start":{"line":145,"column":19},"end":{"line":147,"column":1}},"line":145},"24":{"name":"installMouseHandler","decl":{"start":{"line":148,"column":9},"end":{"line":148,"column":28}},"loc":{"start":{"line":148,"column":31},"end":{"line":246,"column":1}},"line":148},"25":{"name":"doMouseDown","decl":{"start":{"line":152,"column":13},"end":{"line":152,"column":24}},"loc":{"start":{"line":152,"column":30},"end":{"line":191,"column":5}},"line":152},"26":{"name":"doMouseMove","decl":{"start":{"line":193,"column":13},"end":{"line":193,"column":24}},"loc":{"start":{"line":193,"column":30},"end":{"line":224,"column":5}},"line":193},"27":{"name":"doMouseUp","decl":{"start":{"line":226,"column":13},"end":{"line":226,"column":22}},"loc":{"start":{"line":226,"column":28},"end":{"line":242,"column":5}},"line":226},"28":{"name":"addGraphicsContextExtras","decl":{"start":{"line":248,"column":9},"end":{"line":248,"column":33}},"loc":{"start":{"line":248,"column":44},"end":{"line":265,"column":1}},"line":248},"29":{"name":"(anonymous_29)","decl":{"start":{"line":249,"column":26},"end":{"line":249,"column":27}},"loc":{"start":{"line":249,"column":51},"end":{"line":254,"column":5}},"line":249},"30":{"name":"(anonymous_30)","decl":{"start":{"line":255,"column":26},"end":{"line":255,"column":27}},"loc":{"start":{"line":255,"column":44},"end":{"line":259,"column":5}},"line":255},"31":{"name":"(anonymous_31)","decl":{"start":{"line":260,"column":28},"end":{"line":260,"column":29}},"loc":{"start":{"line":260,"column":51},"end":{"line":264,"column":5}},"line":260},"32":{"name":"DrawNewNode","decl":{"start":{"line":267,"column":9},"end":{"line":267,"column":20}},"loc":{"start":{"line":267,"column":34},"end":{"line":282,"column":1}},"line":267},"33":{"name":"Apply_Tree_Move","decl":{"start":{"line":284,"column":9},"end":{"line":284,"column":24}},"loc":{"start":{"line":284,"column":55},"end":{"line":297,"column":1}},"line":284},"34":{"name":"joinNodes","decl":{"start":{"line":300,"column":9},"end":{"line":300,"column":18}},"loc":{"start":{"line":300,"column":26},"end":{"line":376,"column":1}},"line":300},"35":{"name":"PreOrderTraversal","decl":{"start":{"line":379,"column":9},"end":{"line":379,"column":26}},"loc":{"start":{"line":379,"column":33},"end":{"line":388,"column":1}},"line":379},"36":{"name":"PrintSubTree","decl":{"start":{"line":390,"column":9},"end":{"line":390,"column":21}},"loc":{"start":{"line":390,"column":24},"end":{"line":402,"column":1}},"line":390},"37":{"name":"DrawAllEdges","decl":{"start":{"line":403,"column":9},"end":{"line":403,"column":21}},"loc":{"start":{"line":403,"column":24},"end":{"line":421,"column":1}},"line":403},"38":{"name":"addNode","decl":{"start":{"line":425,"column":9},"end":{"line":425,"column":16}},"loc":{"start":{"line":425,"column":34},"end":{"line":433,"column":1}},"line":425},"39":{"name":"FxIndDel","decl":{"start":{"line":439,"column":9},"end":{"line":439,"column":17}},"loc":{"start":{"line":439,"column":26},"end":{"line":445,"column":1}},"line":439},"40":{"name":"deleteNode","decl":{"start":{"line":447,"column":9},"end":{"line":447,"column":19}},"loc":{"start":{"line":447,"column":39},"end":{"line":498,"column":1}},"line":447},"41":{"name":"(anonymous_41)","decl":{"start":{"line":488,"column":20},"end":{"line":488,"column":21}},"loc":{"start":{"line":488,"column":30},"end":{"line":491,"column":5}},"line":488},"42":{"name":"DrawAllNodes","decl":{"start":{"line":500,"column":9},"end":{"line":500,"column":21}},"loc":{"start":{"line":500,"column":24},"end":{"line":515,"column":1}},"line":500},"43":{"name":"Check_Clicked","decl":{"start":{"line":518,"column":9},"end":{"line":518,"column":22}},"loc":{"start":{"line":518,"column":43},"end":{"line":598,"column":1}},"line":518},"44":{"name":"editNode","decl":{"start":{"line":600,"column":9},"end":{"line":600,"column":17}},"loc":{"start":{"line":600,"column":42},"end":{"line":634,"column":1}},"line":600},"45":{"name":"getVal","decl":{"start":{"line":636,"column":9},"end":{"line":636,"column":15}},"loc":{"start":{"line":636,"column":18},"end":{"line":639,"column":1}},"line":636},"46":{"name":"paintComponent","decl":{"start":{"line":640,"column":9},"end":{"line":640,"column":23}},"loc":{"start":{"line":640,"column":40},"end":{"line":656,"column":1}},"line":640},"47":{"name":"doNodeOperations","decl":{"start":{"line":658,"column":9},"end":{"line":658,"column":25}},"loc":{"start":{"line":658,"column":31},"end":{"line":681,"column":1}},"line":658},"48":{"name":"init","decl":{"start":{"line":683,"column":9},"end":{"line":683,"column":13}},"loc":{"start":{"line":683,"column":16},"end":{"line":701,"column":1}},"line":683}},"branchMap":{"0":{"loc":{"start":{"line":155,"column":8},"end":{"line":157,"column":9}},"type":"if","locations":[{"start":{"line":155,"column":8},"end":{"line":157,"column":9}},{"start":{},"end":{}}],"line":155},"1":{"loc":{"start":{"line":158,"column":8},"end":{"line":160,"column":9}},"type":"if","locations":[{"start":{"line":158,"column":8},"end":{"line":160,"column":9}},{"start":{},"end":{}}],"line":158},"2":{"loc":{"start":{"line":167,"column":8},"end":{"line":170,"column":9}},"type":"if","locations":[{"start":{"line":167,"column":8},"end":{"line":170,"column":9}},{"start":{},"end":{}}],"line":167},"3":{"loc":{"start":{"line":167,"column":12},"end":{"line":167,"column":30}},"type":"binary-expr","locations":[{"start":{"line":167,"column":12},"end":{"line":167,"column":19}},{"start":{"line":167,"column":23},"end":{"line":167,"column":30}}],"line":167},"4":{"loc":{"start":{"line":179,"column":8},"end":{"line":184,"column":9}},"type":"if","locations":[{"start":{"line":179,"column":8},"end":{"line":184,"column":9}},{"start":{"line":182,"column":15},"end":{"line":184,"column":9}}],"line":179},"5":{"loc":{"start":{"line":179,"column":12},"end":{"line":179,"column":78}},"type":"binary-expr","locations":[{"start":{"line":179,"column":12},"end":{"line":179,"column":44}},{"start":{"line":179,"column":48},"end":{"line":179,"column":78}}],"line":179},"6":{"loc":{"start":{"line":185,"column":8},"end":{"line":190,"column":9}},"type":"if","locations":[{"start":{"line":185,"column":8},"end":{"line":190,"column":9}},{"start":{},"end":{}}],"line":185},"7":{"loc":{"start":{"line":195,"column":8},"end":{"line":197,"column":9}},"type":"if","locations":[{"start":{"line":195,"column":8},"end":{"line":197,"column":9}},{"start":{},"end":{}}],"line":195},"8":{"loc":{"start":{"line":202,"column":8},"end":{"line":214,"column":9}},"type":"if","locations":[{"start":{"line":202,"column":8},"end":{"line":214,"column":9}},{"start":{"line":204,"column":15},"end":{"line":214,"column":9}}],"line":202},"9":{"loc":{"start":{"line":229,"column":8},"end":{"line":234,"column":9}},"type":"if","locations":[{"start":{"line":229,"column":8},"end":{"line":234,"column":9}},{"start":{},"end":{}}],"line":229},"10":{"loc":{"start":{"line":289,"column":12},"end":{"line":293,"column":13}},"type":"if","locations":[{"start":{"line":289,"column":12},"end":{"line":293,"column":13}},{"start":{},"end":{}}],"line":289},"11":{"loc":{"start":{"line":311,"column":8},"end":{"line":315,"column":9}},"type":"if","locations":[{"start":{"line":311,"column":8},"end":{"line":315,"column":9}},{"start":{},"end":{}}],"line":311},"12":{"loc":{"start":{"line":311,"column":13},"end":{"line":311,"column":117}},"type":"binary-expr","locations":[{"start":{"line":311,"column":13},"end":{"line":311,"column":63}},{"start":{"line":311,"column":67},"end":{"line":311,"column":117}}],"line":311},"13":{"loc":{"start":{"line":316,"column":8},"end":{"line":319,"column":9}},"type":"if","locations":[{"start":{"line":316,"column":8},"end":{"line":319,"column":9}},{"start":{},"end":{}}],"line":316},"14":{"loc":{"start":{"line":316,"column":13},"end":{"line":316,"column":117}},"type":"binary-expr","locations":[{"start":{"line":316,"column":13},"end":{"line":316,"column":63}},{"start":{"line":316,"column":67},"end":{"line":316,"column":117}}],"line":316},"15":{"loc":{"start":{"line":322,"column":4},"end":{"line":324,"column":5}},"type":"if","locations":[{"start":{"line":322,"column":4},"end":{"line":324,"column":5}},{"start":{},"end":{}}],"line":322},"16":{"loc":{"start":{"line":322,"column":8},"end":{"line":322,"column":58}},"type":"binary-expr","locations":[{"start":{"line":322,"column":8},"end":{"line":322,"column":31}},{"start":{"line":322,"column":35},"end":{"line":322,"column":58}}],"line":322},"17":{"loc":{"start":{"line":326,"column":4},"end":{"line":374,"column":5}},"type":"if","locations":[{"start":{"line":326,"column":4},"end":{"line":374,"column":5}},{"start":{"line":372,"column":11},"end":{"line":374,"column":5}}],"line":326},"18":{"loc":{"start":{"line":326,"column":8},"end":{"line":326,"column":40}},"type":"binary-expr","locations":[{"start":{"line":326,"column":8},"end":{"line":326,"column":22}},{"start":{"line":326,"column":26},"end":{"line":326,"column":40}}],"line":326},"19":{"loc":{"start":{"line":328,"column":12},"end":{"line":330,"column":13}},"type":"if","locations":[{"start":{"line":328,"column":12},"end":{"line":330,"column":13}},{"start":{},"end":{}}],"line":328},"20":{"loc":{"start":{"line":331,"column":12},"end":{"line":333,"column":13}},"type":"if","locations":[{"start":{"line":331,"column":12},"end":{"line":333,"column":13}},{"start":{},"end":{}}],"line":331},"21":{"loc":{"start":{"line":339,"column":8},"end":{"line":343,"column":9}},"type":"if","locations":[{"start":{"line":339,"column":8},"end":{"line":343,"column":9}},{"start":{"line":341,"column":15},"end":{"line":343,"column":9}}],"line":339},"22":{"loc":{"start":{"line":345,"column":8},"end":{"line":365,"column":9}},"type":"if","locations":[{"start":{"line":345,"column":8},"end":{"line":365,"column":9}},{"start":{"line":354,"column":15},"end":{"line":365,"column":9}}],"line":345},"23":{"loc":{"start":{"line":346,"column":12},"end":{"line":351,"column":13}},"type":"if","locations":[{"start":{"line":346,"column":12},"end":{"line":351,"column":13}},{"start":{"line":349,"column":19},"end":{"line":351,"column":13}}],"line":346},"24":{"loc":{"start":{"line":356,"column":12},"end":{"line":362,"column":13}},"type":"if","locations":[{"start":{"line":356,"column":12},"end":{"line":362,"column":13}},{"start":{"line":359,"column":19},"end":{"line":362,"column":13}}],"line":356},"25":{"loc":{"start":{"line":380,"column":4},"end":{"line":382,"column":5}},"type":"if","locations":[{"start":{"line":380,"column":4},"end":{"line":382,"column":5}},{"start":{},"end":{}}],"line":380},"26":{"loc":{"start":{"line":410,"column":12},"end":{"line":414,"column":13}},"type":"if","locations":[{"start":{"line":410,"column":12},"end":{"line":414,"column":13}},{"start":{"line":412,"column":19},"end":{"line":414,"column":13}}],"line":410},"27":{"loc":{"start":{"line":412,"column":19},"end":{"line":414,"column":13}},"type":"if","locations":[{"start":{"line":412,"column":19},"end":{"line":414,"column":13}},{"start":{},"end":{}}],"line":412},"28":{"loc":{"start":{"line":450,"column":4},"end":{"line":457,"column":5}},"type":"if","locations":[{"start":{"line":450,"column":4},"end":{"line":457,"column":5}},{"start":{"line":453,"column":11},"end":{"line":457,"column":5}}],"line":450},"29":{"loc":{"start":{"line":450,"column":8},"end":{"line":450,"column":63}},"type":"binary-expr","locations":[{"start":{"line":450,"column":8},"end":{"line":450,"column":36}},{"start":{"line":450,"column":40},"end":{"line":450,"column":63}}],"line":450},"30":{"loc":{"start":{"line":453,"column":11},"end":{"line":457,"column":5}},"type":"if","locations":[{"start":{"line":453,"column":11},"end":{"line":457,"column":5}},{"start":{"line":455,"column":11},"end":{"line":457,"column":5}}],"line":453},"31":{"loc":{"start":{"line":455,"column":11},"end":{"line":457,"column":5}},"type":"if","locations":[{"start":{"line":455,"column":11},"end":{"line":457,"column":5}},{"start":{},"end":{}}],"line":455},"32":{"loc":{"start":{"line":463,"column":8},"end":{"line":465,"column":9}},"type":"if","locations":[{"start":{"line":463,"column":8},"end":{"line":465,"column":9}},{"start":{},"end":{}}],"line":463},"33":{"loc":{"start":{"line":467,"column":8},"end":{"line":469,"column":9}},"type":"if","locations":[{"start":{"line":467,"column":8},"end":{"line":469,"column":9}},{"start":{},"end":{}}],"line":467},"34":{"loc":{"start":{"line":475,"column":8},"end":{"line":480,"column":9}},"type":"if","locations":[{"start":{"line":475,"column":8},"end":{"line":480,"column":9}},{"start":{},"end":{}}],"line":475},"35":{"loc":{"start":{"line":475,"column":12},"end":{"line":475,"column":90}},"type":"binary-expr","locations":[{"start":{"line":475,"column":12},"end":{"line":475,"column":49}},{"start":{"line":475,"column":53},"end":{"line":475,"column":90}}],"line":475},"36":{"loc":{"start":{"line":503,"column":8},"end":{"line":511,"column":9}},"type":"if","locations":[{"start":{"line":503,"column":8},"end":{"line":511,"column":9}},{"start":{"line":509,"column":15},"end":{"line":511,"column":9}}],"line":503},"37":{"loc":{"start":{"line":504,"column":12},"end":{"line":508,"column":13}},"type":"if","locations":[{"start":{"line":504,"column":12},"end":{"line":508,"column":13}},{"start":{"line":506,"column":19},"end":{"line":508,"column":13}}],"line":504},"38":{"loc":{"start":{"line":521,"column":4},"end":{"line":595,"column":5}},"type":"if","locations":[{"start":{"line":521,"column":4},"end":{"line":595,"column":5}},{"start":{"line":592,"column":11},"end":{"line":595,"column":5}}],"line":521},"39":{"loc":{"start":{"line":533,"column":12},"end":{"line":587,"column":13}},"type":"if","locations":[{"start":{"line":533,"column":12},"end":{"line":587,"column":13}},{"start":{},"end":{}}],"line":533},"40":{"loc":{"start":{"line":536,"column":16},"end":{"line":540,"column":17}},"type":"if","locations":[{"start":{"line":536,"column":16},"end":{"line":540,"column":17}},{"start":{},"end":{}}],"line":536},"41":{"loc":{"start":{"line":542,"column":16},"end":{"line":585,"column":17}},"type":"if","locations":[{"start":{"line":542,"column":16},"end":{"line":585,"column":17}},{"start":{"line":572,"column":23},"end":{"line":585,"column":17}}],"line":542},"42":{"loc":{"start":{"line":548,"column":20},"end":{"line":568,"column":21}},"type":"if","locations":[{"start":{"line":548,"column":20},"end":{"line":568,"column":21}},{"start":{"line":552,"column":27},"end":{"line":568,"column":21}}],"line":548},"43":{"loc":{"start":{"line":552,"column":27},"end":{"line":568,"column":21}},"type":"if","locations":[{"start":{"line":552,"column":27},"end":{"line":568,"column":21}},{"start":{"line":555,"column":27},"end":{"line":568,"column":21}}],"line":552},"44":{"loc":{"start":{"line":555,"column":27},"end":{"line":568,"column":21}},"type":"if","locations":[{"start":{"line":555,"column":27},"end":{"line":568,"column":21}},{"start":{},"end":{}}],"line":555},"45":{"loc":{"start":{"line":555,"column":31},"end":{"line":555,"column":94}},"type":"binary-expr","locations":[{"start":{"line":555,"column":31},"end":{"line":555,"column":80}},{"start":{"line":555,"column":84},"end":{"line":555,"column":94}}],"line":555},"46":{"loc":{"start":{"line":559,"column":28},"end":{"line":561,"column":29}},"type":"if","locations":[{"start":{"line":559,"column":28},"end":{"line":561,"column":29}},{"start":{},"end":{}}],"line":559},"47":{"loc":{"start":{"line":576,"column":20},"end":{"line":582,"column":21}},"type":"if","locations":[{"start":{"line":576,"column":20},"end":{"line":582,"column":21}},{"start":{"line":579,"column":27},"end":{"line":582,"column":21}}],"line":576},"48":{"loc":{"start":{"line":579,"column":27},"end":{"line":582,"column":21}},"type":"if","locations":[{"start":{"line":579,"column":27},"end":{"line":582,"column":21}},{"start":{},"end":{}}],"line":579},"49":{"loc":{"start":{"line":602,"column":8},"end":{"line":604,"column":9}},"type":"if","locations":[{"start":{"line":602,"column":8},"end":{"line":604,"column":9}},{"start":{},"end":{}}],"line":602},"50":{"loc":{"start":{"line":605,"column":8},"end":{"line":607,"column":9}},"type":"if","locations":[{"start":{"line":605,"column":8},"end":{"line":607,"column":9}},{"start":{},"end":{}}],"line":605},"51":{"loc":{"start":{"line":610,"column":4},"end":{"line":614,"column":5}},"type":"if","locations":[{"start":{"line":610,"column":4},"end":{"line":614,"column":5}},{"start":{"line":612,"column":11},"end":{"line":614,"column":5}}],"line":610},"52":{"loc":{"start":{"line":619,"column":8},"end":{"line":627,"column":9}},"type":"if","locations":[{"start":{"line":619,"column":8},"end":{"line":627,"column":9}},{"start":{},"end":{}}],"line":619},"53":{"loc":{"start":{"line":619,"column":12},"end":{"line":619,"column":91}},"type":"binary-expr","locations":[{"start":{"line":619,"column":12},"end":{"line":619,"column":49}},{"start":{"line":619,"column":53},"end":{"line":619,"column":91}}],"line":619},"54":{"loc":{"start":{"line":620,"column":12},"end":{"line":622,"column":13}},"type":"if","locations":[{"start":{"line":620,"column":12},"end":{"line":622,"column":13}},{"start":{},"end":{}}],"line":620},"55":{"loc":{"start":{"line":624,"column":12},"end":{"line":626,"column":13}},"type":"if","locations":[{"start":{"line":624,"column":12},"end":{"line":626,"column":13}},{"start":{},"end":{}}],"line":624},"56":{"loc":{"start":{"line":642,"column":4},"end":{"line":655,"column":5}},"type":"switch","locations":[{"start":{"line":643,"column":8},"end":{"line":648,"column":18}},{"start":{"line":649,"column":8},"end":{"line":654,"column":18}}],"line":642},"57":{"loc":{"start":{"line":659,"column":4},"end":{"line":664,"column":5}},"type":"if","locations":[{"start":{"line":659,"column":4},"end":{"line":664,"column":5}},{"start":{},"end":{}}],"line":659},"58":{"loc":{"start":{"line":666,"column":4},"end":{"line":674,"column":5}},"type":"if","locations":[{"start":{"line":666,"column":4},"end":{"line":674,"column":5}},{"start":{},"end":{}}],"line":666},"59":{"loc":{"start":{"line":666,"column":8},"end":{"line":666,"column":31}},"type":"binary-expr","locations":[{"start":{"line":666,"column":8},"end":{"line":666,"column":19}},{"start":{"line":666,"column":24},"end":{"line":666,"column":30}}],"line":666},"60":{"loc":{"start":{"line":676,"column":4},"end":{"line":678,"column":5}},"type":"if","locations":[{"start":{"line":676,"column":4},"end":{"line":678,"column":5}},{"start":{},"end":{}}],"line":676}},"s":{"0":97,"1":97,"2":97,"3":97,"4":97,"5":97,"6":97,"7":97,"8":244,"9":244,"10":0,"11":0,"12":1,"13":0,"14":226,"15":0,"16":0,"17":6,"18":29,"19":29,"20":18,"21":18,"22":73,"23":70,"24":7,"25":7,"26":74,"27":38,"28":0,"29":1,"30":3,"31":3,"32":3,"33":3,"34":3,"35":3,"36":1,"37":1,"38":1,"39":1,"40":1,"41":1,"42":1,"43":1,"44":1,"45":1,"46":1,"47":0,"48":0,"49":0,"50":0,"51":0,"52":0,"53":0,"54":0,"55":0,"56":0,"57":0,"58":0,"59":0,"60":0,"61":0,"62":0,"63":0,"64":0,"65":0,"66":0,"67":0,"68":0,"69":0,"70":0,"71":0,"72":0,"73":0,"74":0,"75":0,"76":0,"77":0,"78":0,"79":0,"80":0,"81":0,"82":0,"83":0,"84":0,"85":0,"86":0,"87":0,"88":0,"89":0,"90":0,"91":0,"92":0,"93":0,"94":0,"95":0,"96":0,"97":0,"98":0,"99":0,"100":0,"101":0,"102":0,"103":0,"104":0,"105":0,"106":0,"107":0,"108":0,"109":0,"110":0,"111":0,"112":0,"113":0,"114":0,"115":0,"116":0,"117":0,"118":0,"119":0,"120":0,"121":0,"122":0,"123":0,"124":0,"125":0,"126":0,"127":0,"128":0,"129":0,"130":0,"131":0,"132":7,"133":7,"134":7,"135":7,"136":7,"137":7,"138":7,"139":21,"140":0,"141":0,"142":21,"143":0,"144":0,"145":7,"146":6,"147":7,"148":6,"149":6,"150":48,"151":6,"152":48,"153":6,"154":6,"155":6,"156":0,"157":6,"158":6,"159":3,"160":3,"161":3,"162":0,"163":0,"164":0,"165":6,"166":6,"167":6,"168":1,"169":119,"170":72,"171":47,"172":47,"173":47,"174":47,"175":26,"176":26,"177":26,"178":54,"179":26,"180":26,"181":0,"182":0,"183":0,"184":0,"185":0,"186":0,"187":0,"188":0,"189":0,"190":0,"191":0,"192":0,"193":0,"194":0,"195":9,"196":9,"197":9,"198":9,"199":9,"200":9,"201":2,"202":2,"203":6,"204":2,"205":2,"206":0,"207":0,"208":2,"209":0,"210":2,"211":0,"212":2,"213":2,"214":2,"215":2,"216":2,"217":15,"218":15,"219":15,"220":15,"221":2,"222":2,"223":0,"224":0,"225":0,"226":2,"227":2,"228":2,"229":2,"230":2,"231":13,"232":13,"233":2,"234":2,"235":2,"236":0,"237":0,"238":0,"239":0,"240":0,"241":0,"242":0,"243":29,"244":29,"245":29,"246":29,"247":29,"248":29,"249":29,"250":232,"251":232,"252":232,"253":232,"254":29,"255":29,"256":25,"257":25,"258":25,"259":29,"260":15,"261":15,"262":15,"263":9,"264":9,"265":6,"266":6,"267":6,"268":0,"269":0,"270":0,"271":0,"272":0,"273":0,"274":0,"275":0,"276":15,"277":15,"278":14,"279":14,"280":14,"281":8,"282":8,"283":6,"284":6,"285":6,"286":14,"287":14,"288":29,"289":0,"290":0,"291":1,"292":1,"293":6,"294":0,"295":6,"296":1,"297":1,"298":1,"299":0,"300":1,"301":1,"302":1,"303":8,"304":3,"305":0,"306":3,"307":0,"308":1,"309":1,"310":0,"311":0,"312":0,"313":0,"314":0,"315":0,"316":0,"317":0,"318":0,"319":0,"320":0,"321":0,"322":0,"323":0,"324":0,"325":0,"326":0,"327":0,"328":0,"329":0,"330":0,"331":0,"332":0,"333":0,"334":0,"335":0,"336":0,"337":0,"338":0,"339":0,"340":0,"341":0,"342":0,"343":0,"344":0,"345":0,"346":0,"347":0,"348":0,"349":0},"f":{"0":97,"1":244,"2":244,"3":0,"4":0,"5":1,"6":0,"7":226,"8":0,"9":0,"10":6,"11":29,"12":29,"13":18,"14":18,"15":73,"16":70,"17":7,"18":74,"19":38,"20":0,"21":1,"22":3,"23":1,"24":0,"25":0,"26":0,"27":0,"28":0,"29":0,"30":0,"31":0,"32":0,"33":0,"34":7,"35":119,"36":26,"37":0,"38":9,"39":2,"40":2,"41":13,"42":0,"43":29,"44":1,"45":0,"46":0,"47":0,"48":0},"b":{"0":[0,0],"1":[0,0],"2":[0,0],"3":[0,0],"4":[0,0],"5":[0,0],"6":[0,0],"7":[0,0],"8":[0,0],"9":[0,0],"10":[0,0],"11":[0,21],"12":[21,3],"13":[0,21],"14":[21,5],"15":[6,1],"16":[7,7],"17":[6,1],"18":[7,6],"19":[6,42],"20":[6,42],"21":[6,0],"22":[6,0],"23":[3,3],"24":[0,0],"25":[72,47],"26":[0,0],"27":[0,0],"28":[0,2],"29":[2,0],"30":[0,2],"31":[0,2],"32":[15,0],"33":[15,0],"34":[0,0],"35":[0,0],"36":[0,0],"37":[0,0],"38":[29,0],"39":[29,203],"40":[25,4],"41":[15,14],"42":[9,6],"43":[6,0],"44":[0,0],"45":[0,0],"46":[0,0],"47":[8,6],"48":[6,0],"49":[0,6],"50":[1,5],"51":[1,0],"52":[3,5],"53":[8,5],"54":[0,3],"55":[0,3],"56":[0,0],"57":[0,0],"58":[0,0],"59":[0,0],"60":[0,0]},"_coverageSchema":"1a1c01bbd47fc00a2c39e90264f33305004495a9","hash":"b04ed3c603ac7ea53022e99354d33ee89d885c74"}
}
