TN:
SF:Nodes.js
FN:3,(anonymous_0)
FN:15,(anonymous_1)
FN:20,(anonymous_2)
FN:26,(anonymous_3)
FN:31,(anonymous_4)
FN:37,(anonymous_5)
FN:41,(anonymous_6)
FN:45,(anonymous_7)
FN:49,(anonymous_8)
FN:53,(anonymous_9)
FN:57,(anonymous_10)
FN:60,(anonymous_11)
FN:64,(anonymous_12)
FN:68,(anonymous_13)
FN:71,(anonymous_14)
FN:74,(anonymous_15)
FN:77,(anonymous_16)
FN:83,(anonymous_17)
FN:88,(anonymous_18)
FN:93,(anonymous_19)
FN:97,(anonymous_20)
FN:102,(anonymous_21)
FN:108,(anonymous_22)
FN:137,sum
FN:141,joinNodes
FN:220,PreOrderTraversal
FN:231,PrintSubTree
FN:245,addNode
FN:259,FxIndDel
FN:267,deleteNode
FN:308,(anonymous_30)
FN:321,Check_Clicked
FN:403,editNode
FNF:33
FNH:27
FNDA:97,(anonymous_0)
FNDA:244,(anonymous_1)
FNDA:244,(anonymous_2)
FNDA:0,(anonymous_3)
FNDA:0,(anonymous_4)
FNDA:1,(anonymous_5)
FNDA:0,(anonymous_6)
FNDA:226,(anonymous_7)
FNDA:0,(anonymous_8)
FNDA:0,(anonymous_9)
FNDA:6,(anonymous_10)
FNDA:29,(anonymous_11)
FNDA:29,(anonymous_12)
FNDA:18,(anonymous_13)
FNDA:18,(anonymous_14)
FNDA:73,(anonymous_15)
FNDA:70,(anonymous_16)
FNDA:7,(anonymous_17)
FNDA:74,(anonymous_18)
FNDA:38,(anonymous_19)
FNDA:0,(anonymous_20)
FNDA:1,(anonymous_21)
FNDA:3,(anonymous_22)
FNDA:1,sum
FNDA:7,joinNodes
FNDA:119,PreOrderTraversal
FNDA:26,PrintSubTree
FNDA:9,addNode
FNDA:2,FxIndDel
FNDA:2,deleteNode
FNDA:13,(anonymous_30)
FNDA:29,Check_Clicked
FNDA:1,editNode
DA:4,97
DA:5,97
DA:6,97
DA:7,97
DA:8,97
DA:9,97
DA:10,97
DA:11,97
DA:17,244
DA:22,244
DA:28,0
DA:33,0
DA:38,1
DA:42,0
DA:46,226
DA:50,0
DA:54,0
DA:58,6
DA:62,29
DA:66,29
DA:69,18
DA:72,18
DA:75,73
DA:78,70
DA:84,7
DA:85,7
DA:89,74
DA:94,38
DA:98,0
DA:103,1
DA:109,3
DA:110,3
DA:111,3
DA:112,3
DA:113,3
DA:114,3
DA:122,1
DA:123,1
DA:125,1
DA:126,1
DA:127,1
DA:128,1
DA:129,1
DA:130,1
DA:131,1
DA:133,1
DA:138,1
DA:142,7
DA:144,7
DA:148,7
DA:149,7
DA:150,7
DA:151,7
DA:152,21
DA:154,0
DA:155,0
DA:157,21
DA:158,0
DA:159,0
DA:163,7
DA:164,6
DA:167,7
DA:168,6
DA:169,48
DA:170,6
DA:172,48
DA:173,6
DA:180,6
DA:181,6
DA:183,0
DA:186,6
DA:187,6
DA:188,3
DA:189,3
DA:191,3
DA:197,0
DA:198,0
DA:202,0
DA:210,6
DA:211,6
DA:212,6
DA:214,1
DA:221,119
DA:222,72
DA:224,47
DA:225,47
DA:226,47
DA:228,47
DA:232,26
DA:234,26
DA:236,54
DA:239,26
DA:241,26
DA:246,9
DA:247,9
DA:249,9
DA:250,9
DA:251,9
DA:252,9
DA:260,2
DA:261,6
DA:263,2
DA:270,2
DA:271,0
DA:272,0
DA:273,2
DA:274,0
DA:275,2
DA:276,0
DA:278,2
DA:280,2
DA:281,2
DA:282,2
DA:283,15
DA:284,15
DA:287,15
DA:288,15
DA:294,2
DA:295,0
DA:297,0
DA:298,0
DA:302,2
DA:304,2
DA:305,2
DA:306,2
DA:308,2
DA:309,13
DA:310,13
DA:313,2
DA:315,2
DA:316,2
DA:323,29
DA:324,29
DA:327,29
DA:328,29
DA:329,29
DA:330,29
DA:331,232
DA:332,232
DA:333,232
DA:336,232
DA:337,29
DA:339,29
DA:340,25
DA:341,25
DA:342,25
DA:345,29
DA:348,15
DA:349,15
DA:351,15
DA:352,9
DA:353,9
DA:355,6
DA:356,6
DA:357,6
DA:358,0
DA:361,0
DA:362,0
DA:363,0
DA:368,0
DA:369,0
DA:370,0
DA:372,15
DA:373,15
DA:377,14
DA:378,14
DA:379,14
DA:380,8
DA:381,8
DA:382,6
DA:383,6
DA:384,6
DA:386,14
DA:387,14
DA:393,29
DA:396,0
DA:397,0
DA:404,1
DA:405,6
DA:406,0
DA:408,6
DA:409,1
DA:413,1
DA:414,1
DA:416,0
DA:419,1
DA:421,1
DA:422,8
DA:423,3
DA:424,0
DA:427,3
DA:428,0
DA:434,1
DA:438,1
LF:194
LH:160
BRDA:152,0,0,0
BRDA:152,0,1,21
BRDA:152,1,0,21
BRDA:152,1,1,3
BRDA:157,2,0,0
BRDA:157,2,1,21
BRDA:157,3,0,21
BRDA:157,3,1,5
BRDA:163,4,0,6
BRDA:163,4,1,1
BRDA:163,5,0,7
BRDA:163,5,1,7
BRDA:167,6,0,6
BRDA:167,6,1,1
BRDA:167,7,0,7
BRDA:167,7,1,6
BRDA:169,8,0,6
BRDA:169,8,1,42
BRDA:172,9,0,6
BRDA:172,9,1,42
BRDA:180,10,0,6
BRDA:180,10,1,0
BRDA:186,11,0,6
BRDA:186,11,1,0
BRDA:187,12,0,3
BRDA:187,12,1,3
BRDA:197,13,0,0
BRDA:197,13,1,0
BRDA:221,14,0,72
BRDA:221,14,1,47
BRDA:270,15,0,0
BRDA:270,15,1,2
BRDA:270,16,0,2
BRDA:270,16,1,0
BRDA:273,17,0,0
BRDA:273,17,1,2
BRDA:275,18,0,0
BRDA:275,18,1,2
BRDA:283,19,0,15
BRDA:283,19,1,0
BRDA:287,20,0,15
BRDA:287,20,1,0
BRDA:295,21,0,0
BRDA:295,21,1,0
BRDA:295,22,0,0
BRDA:295,22,1,0
BRDA:324,23,0,29
BRDA:324,23,1,0
BRDA:336,24,0,29
BRDA:336,24,1,203
BRDA:339,25,0,25
BRDA:339,25,1,4
BRDA:345,26,0,15
BRDA:345,26,1,14
BRDA:351,27,0,9
BRDA:351,27,1,6
BRDA:355,28,0,6
BRDA:355,28,1,0
BRDA:358,29,0,0
BRDA:358,29,1,0
BRDA:358,30,0,0
BRDA:358,30,1,0
BRDA:362,31,0,0
BRDA:362,31,1,0
BRDA:379,32,0,8
BRDA:379,32,1,6
BRDA:382,33,0,6
BRDA:382,33,1,0
BRDA:405,34,0,0
BRDA:405,34,1,6
BRDA:408,35,0,1
BRDA:408,35,1,5
BRDA:413,36,0,1
BRDA:413,36,1,0
BRDA:422,37,0,3
BRDA:422,37,1,5
BRDA:422,38,0,8
BRDA:422,38,1,5
BRDA:423,39,0,0
BRDA:423,39,1,3
BRDA:427,40,0,0
BRDA:427,40,1,3
BRF:82
BRH:53
end_of_record
