TN:
SF:Nodes.js
FN:3,(anonymous_0)
FN:15,(anonymous_1)
FN:20,(anonymous_2)
FN:26,(anonymous_3)
FN:31,(anonymous_4)
FN:37,(anonymous_5)
FN:41,(anonymous_6)
FN:45,(anonymous_7)
FN:49,(anonymous_8)
FN:53,(anonymous_9)
FN:57,(anonymous_10)
FN:60,(anonymous_11)
FN:64,(anonymous_12)
FN:68,(anonymous_13)
FN:71,(anonymous_14)
FN:74,(anonymous_15)
FN:77,(anonymous_16)
FN:89,(anonymous_17)
FN:94,(anonymous_18)
FN:99,(anonymous_19)
FN:103,(anonymous_20)
FN:108,(anonymous_21)
FN:117,(anonymous_22)
FN:145,sum
FN:148,installMouseHandler
FN:152,doMouseDown
FN:193,doMouseMove
FN:226,doMouseUp
FN:248,addGraphicsContextExtras
FN:249,(anonymous_29)
FN:255,(anonymous_30)
FN:260,(anonymous_31)
FN:267,DrawNewNode
FN:284,Apply_Tree_Move
FN:300,joinNodes
FN:379,PreOrderTraversal
FN:390,PrintSubTree
FN:403,DrawAllEdges
FN:425,addNode
FN:439,FxIndDel
FN:447,deleteNode
FN:488,(anonymous_41)
FN:500,DrawAllNodes
FN:518,Check_Clicked
FN:600,editNode
FN:636,getVal
FN:640,paintComponent
FN:658,doNodeOperations
FN:683,init
FNF:49
FNH:27
FNDA:97,(anonymous_0)
FNDA:244,(anonymous_1)
FNDA:244,(anonymous_2)
FNDA:0,(anonymous_3)
FNDA:0,(anonymous_4)
FNDA:1,(anonymous_5)
FNDA:0,(anonymous_6)
FNDA:226,(anonymous_7)
FNDA:0,(anonymous_8)
FNDA:0,(anonymous_9)
FNDA:6,(anonymous_10)
FNDA:29,(anonymous_11)
FNDA:29,(anonymous_12)
FNDA:18,(anonymous_13)
FNDA:18,(anonymous_14)
FNDA:73,(anonymous_15)
FNDA:70,(anonymous_16)
FNDA:7,(anonymous_17)
FNDA:74,(anonymous_18)
FNDA:38,(anonymous_19)
FNDA:0,(anonymous_20)
FNDA:1,(anonymous_21)
FNDA:3,(anonymous_22)
FNDA:1,sum
FNDA:0,installMouseHandler
FNDA:0,doMouseDown
FNDA:0,doMouseMove
FNDA:0,doMouseUp
FNDA:0,addGraphicsContextExtras
FNDA:0,(anonymous_29)
FNDA:0,(anonymous_30)
FNDA:0,(anonymous_31)
FNDA:0,DrawNewNode
FNDA:0,Apply_Tree_Move
FNDA:7,joinNodes
FNDA:119,PreOrderTraversal
FNDA:26,PrintSubTree
FNDA:0,DrawAllEdges
FNDA:9,addNode
FNDA:2,FxIndDel
FNDA:2,deleteNode
FNDA:13,(anonymous_41)
FNDA:0,DrawAllNodes
FNDA:29,Check_Clicked
FNDA:1,editNode
FNDA:0,getVal
FNDA:0,paintComponent
FNDA:0,doNodeOperations
FNDA:0,init
DA:4,97
DA:5,97
DA:6,97
DA:7,97
DA:8,97
DA:9,97
DA:10,97
DA:11,97
DA:17,244
DA:22,244
DA:28,0
DA:33,0
DA:38,1
DA:42,0
DA:46,226
DA:50,0
DA:54,0
DA:58,6
DA:62,29
DA:66,29
DA:69,18
DA:72,18
DA:75,73
DA:78,70
DA:90,7
DA:91,7
DA:95,74
DA:100,38
DA:104,0
DA:109,1
DA:118,3
DA:119,3
DA:120,3
DA:121,3
DA:122,3
DA:123,3
DA:130,1
DA:131,1
DA:133,1
DA:134,1
DA:135,1
DA:136,1
DA:137,1
DA:138,1
DA:139,1
DA:141,1
DA:146,1
DA:150,0
DA:155,0
DA:156,0
DA:158,0
DA:159,0
DA:163,0
DA:164,0
DA:165,0
DA:167,0
DA:168,0
DA:171,0
DA:172,0
DA:173,0
DA:174,0
DA:175,0
DA:177,0
DA:179,0
DA:180,0
DA:183,0
DA:185,0
DA:186,0
DA:187,0
DA:188,0
DA:189,0
DA:195,0
DA:196,0
DA:199,0
DA:200,0
DA:201,0
DA:202,0
DA:203,0
DA:205,0
DA:206,0
DA:207,0
DA:208,0
DA:209,0
DA:210,0
DA:211,0
DA:212,0
DA:213,0
DA:216,0
DA:217,0
DA:221,0
DA:222,0
DA:229,0
DA:232,0
DA:235,0
DA:236,0
DA:237,0
DA:238,0
DA:240,0
DA:241,0
DA:244,0
DA:249,0
DA:250,0
DA:251,0
DA:252,0
DA:253,0
DA:255,0
DA:256,0
DA:257,0
DA:258,0
DA:260,0
DA:261,0
DA:262,0
DA:263,0
DA:268,0
DA:269,0
DA:270,0
DA:271,0
DA:272,0
DA:273,0
DA:276,0
DA:277,0
DA:278,0
DA:279,0
DA:280,0
DA:286,0
DA:288,0
DA:289,0
DA:290,0
DA:291,0
DA:292,0
DA:301,7
DA:303,7
DA:307,7
DA:308,7
DA:309,7
DA:310,7
DA:311,21
DA:313,0
DA:314,0
DA:316,21
DA:317,0
DA:318,0
DA:322,7
DA:323,6
DA:326,7
DA:327,6
DA:328,48
DA:329,6
DA:331,48
DA:332,6
DA:339,6
DA:340,6
DA:342,0
DA:345,6
DA:346,6
DA:347,3
DA:348,3
DA:350,3
DA:356,0
DA:357,0
DA:361,0
DA:369,6
DA:370,6
DA:371,6
DA:373,1
DA:380,119
DA:381,72
DA:383,47
DA:384,47
DA:385,47
DA:387,47
DA:391,26
DA:393,26
DA:395,54
DA:398,26
DA:400,26
DA:404,0
DA:405,0
DA:406,0
DA:409,0
DA:410,0
DA:411,0
DA:412,0
DA:413,0
DA:416,0
DA:417,0
DA:418,0
DA:419,0
DA:426,9
DA:427,9
DA:429,9
DA:430,9
DA:431,9
DA:432,9
DA:440,2
DA:441,6
DA:443,2
DA:450,2
DA:451,0
DA:452,0
DA:453,2
DA:454,0
DA:455,2
DA:456,0
DA:458,2
DA:460,2
DA:461,2
DA:462,2
DA:463,15
DA:464,15
DA:467,15
DA:468,15
DA:474,2
DA:475,0
DA:477,0
DA:478,0
DA:482,2
DA:484,2
DA:485,2
DA:486,2
DA:488,2
DA:489,13
DA:490,13
DA:493,2
DA:495,2
DA:496,2
DA:501,0
DA:503,0
DA:504,0
DA:505,0
DA:507,0
DA:510,0
DA:520,29
DA:521,29
DA:524,29
DA:525,29
DA:526,29
DA:527,29
DA:528,232
DA:529,232
DA:530,232
DA:533,232
DA:534,29
DA:536,29
DA:537,25
DA:538,25
DA:539,25
DA:542,29
DA:545,15
DA:546,15
DA:548,15
DA:549,9
DA:550,9
DA:552,6
DA:553,6
DA:554,6
DA:555,0
DA:558,0
DA:559,0
DA:560,0
DA:565,0
DA:566,0
DA:567,0
DA:569,15
DA:570,15
DA:574,14
DA:575,14
DA:576,14
DA:577,8
DA:578,8
DA:579,6
DA:580,6
DA:581,6
DA:583,14
DA:584,14
DA:590,29
DA:593,0
DA:594,0
DA:601,1
DA:602,6
DA:603,0
DA:605,6
DA:606,1
DA:610,1
DA:611,1
DA:613,0
DA:616,1
DA:618,1
DA:619,8
DA:620,3
DA:621,0
DA:624,3
DA:625,0
DA:631,1
DA:635,1
DA:637,0
DA:638,0
DA:641,0
DA:642,0
DA:644,0
DA:645,0
DA:646,0
DA:647,0
DA:648,0
DA:650,0
DA:651,0
DA:652,0
DA:653,0
DA:654,0
DA:659,0
DA:660,0
DA:661,0
DA:662,0
DA:663,0
DA:666,0
DA:668,0
DA:669,0
DA:670,0
DA:671,0
DA:672,0
DA:673,0
DA:676,0
DA:684,0
DA:685,0
DA:686,0
DA:687,0
DA:688,0
DA:690,0
DA:693,0
DA:695,0
DA:696,0
DA:697,0
DA:698,0
DA:699,0
DA:700,0
LF:335
LH:160
BRDA:155,0,0,0
BRDA:155,0,1,0
BRDA:158,1,0,0
BRDA:158,1,1,0
BRDA:167,2,0,0
BRDA:167,2,1,0
BRDA:167,3,0,0
BRDA:167,3,1,0
BRDA:179,4,0,0
BRDA:179,4,1,0
BRDA:179,5,0,0
BRDA:179,5,1,0
BRDA:185,6,0,0
BRDA:185,6,1,0
BRDA:195,7,0,0
BRDA:195,7,1,0
BRDA:202,8,0,0
BRDA:202,8,1,0
BRDA:229,9,0,0
BRDA:229,9,1,0
BRDA:289,10,0,0
BRDA:289,10,1,0
BRDA:311,11,0,0
BRDA:311,11,1,21
BRDA:311,12,0,21
BRDA:311,12,1,3
BRDA:316,13,0,0
BRDA:316,13,1,21
BRDA:316,14,0,21
BRDA:316,14,1,5
BRDA:322,15,0,6
BRDA:322,15,1,1
BRDA:322,16,0,7
BRDA:322,16,1,7
BRDA:326,17,0,6
BRDA:326,17,1,1
BRDA:326,18,0,7
BRDA:326,18,1,6
BRDA:328,19,0,6
BRDA:328,19,1,42
BRDA:331,20,0,6
BRDA:331,20,1,42
BRDA:339,21,0,6
BRDA:339,21,1,0
BRDA:345,22,0,6
BRDA:345,22,1,0
BRDA:346,23,0,3
BRDA:346,23,1,3
BRDA:356,24,0,0
BRDA:356,24,1,0
BRDA:380,25,0,72
BRDA:380,25,1,47
BRDA:410,26,0,0
BRDA:410,26,1,0
BRDA:412,27,0,0
BRDA:412,27,1,0
BRDA:450,28,0,0
BRDA:450,28,1,2
BRDA:450,29,0,2
BRDA:450,29,1,0
BRDA:453,30,0,0
BRDA:453,30,1,2
BRDA:455,31,0,0
BRDA:455,31,1,2
BRDA:463,32,0,15
BRDA:463,32,1,0
BRDA:467,33,0,15
BRDA:467,33,1,0
BRDA:475,34,0,0
BRDA:475,34,1,0
BRDA:475,35,0,0
BRDA:475,35,1,0
BRDA:503,36,0,0
BRDA:503,36,1,0
BRDA:504,37,0,0
BRDA:504,37,1,0
BRDA:521,38,0,29
BRDA:521,38,1,0
BRDA:533,39,0,29
BRDA:533,39,1,203
BRDA:536,40,0,25
BRDA:536,40,1,4
BRDA:542,41,0,15
BRDA:542,41,1,14
BRDA:548,42,0,9
BRDA:548,42,1,6
BRDA:552,43,0,6
BRDA:552,43,1,0
BRDA:555,44,0,0
BRDA:555,44,1,0
BRDA:555,45,0,0
BRDA:555,45,1,0
BRDA:559,46,0,0
BRDA:559,46,1,0
BRDA:576,47,0,8
BRDA:576,47,1,6
BRDA:579,48,0,6
BRDA:579,48,1,0
BRDA:602,49,0,0
BRDA:602,49,1,6
BRDA:605,50,0,1
BRDA:605,50,1,5
BRDA:610,51,0,1
BRDA:610,51,1,0
BRDA:619,52,0,3
BRDA:619,52,1,5
BRDA:619,53,0,8
BRDA:619,53,1,5
BRDA:620,54,0,0
BRDA:620,54,1,3
BRDA:624,55,0,0
BRDA:624,55,1,3
BRDA:642,56,0,0
BRDA:642,56,1,0
BRDA:659,57,0,0
BRDA:659,57,1,0
BRDA:666,58,0,0
BRDA:666,58,1,0
BRDA:666,59,0,0
BRDA:666,59,1,0
BRDA:676,60,0,0
BRDA:676,60,1,0
BRF:122
BRH:53
end_of_record
